{"t":{"$date":"2023-04-16T20:59:38.129+01:00"},"s":"I",  "c":"NETWORK",  "id":4915701, "ctx":"-","msg":"Initialized wire specification","attr":{"spec":{"incomingExternalClient":{"minWireVersion":0,"maxWireVersion":17},"incomingInternalClient":{"minWireVersion":0,"maxWireVersion":17},"outgoing":{"minWireVersion":6,"maxWireVersion":17},"isInternalClient":true}}}
{"t":{"$date":"2023-04-16T20:59:40.089+01:00"},"s":"I",  "c":"CONTROL",  "id":23285,   "ctx":"thread1","msg":"Automatically disabling TLS 1.0, to force-enable TLS 1.0 specify --sslDisabledProtocols 'none'"}
{"t":{"$date":"2023-04-16T20:59:40.095+01:00"},"s":"I",  "c":"NETWORK",  "id":4648602, "ctx":"thread1","msg":"Implicit TCP FastOpen in use."}
{"t":{"$date":"2023-04-16T20:59:40.137+01:00"},"s":"I",  "c":"REPL",     "id":5123008, "ctx":"thread1","msg":"Successfully registered PrimaryOnlyService","attr":{"service":"TenantMigrationDonorService","namespace":"config.tenantMigrationDonors"}}
{"t":{"$date":"2023-04-16T20:59:40.138+01:00"},"s":"I",  "c":"REPL",     "id":5123008, "ctx":"thread1","msg":"Successfully registered PrimaryOnlyService","attr":{"service":"TenantMigrationRecipientService","namespace":"config.tenantMigrationRecipients"}}
{"t":{"$date":"2023-04-16T20:59:40.138+01:00"},"s":"I",  "c":"REPL",     "id":5123008, "ctx":"thread1","msg":"Successfully registered PrimaryOnlyService","attr":{"service":"ShardSplitDonorService","namespace":"config.tenantSplitDonors"}}
{"t":{"$date":"2023-04-16T20:59:40.138+01:00"},"s":"I",  "c":"CONTROL",  "id":5945603, "ctx":"thread1","msg":"Multi threading initialized"}
{"t":{"$date":"2023-04-16T20:59:40.140+01:00"},"s":"I",  "c":"CONTROL",  "id":4615611, "ctx":"initandlisten","msg":"MongoDB starting","attr":{"pid":8772,"port":25015,"dbPath":"C:/Users/wilio/Documents/GitHub/PISID/ReplicaSet_MongoDB/server2/data","architecture":"64-bit","host":"IronGodMachine"}}
{"t":{"$date":"2023-04-16T20:59:40.140+01:00"},"s":"I",  "c":"CONTROL",  "id":23398,   "ctx":"initandlisten","msg":"Target operating system minimum version","attr":{"targetMinOS":"Windows 7/Windows Server 2008 R2"}}
{"t":{"$date":"2023-04-16T20:59:40.140+01:00"},"s":"I",  "c":"CONTROL",  "id":23403,   "ctx":"initandlisten","msg":"Build Info","attr":{"buildInfo":{"version":"6.0.4","gitVersion":"44ff59461c1353638a71e710f385a566bcd2f547","modules":[],"allocator":"tcmalloc","environment":{"distmod":"windows","distarch":"x86_64","target_arch":"x86_64"}}}}
{"t":{"$date":"2023-04-16T20:59:40.140+01:00"},"s":"I",  "c":"CONTROL",  "id":51765,   "ctx":"initandlisten","msg":"Operating System","attr":{"os":{"name":"Microsoft Windows 10","version":"10.0 (build 22621)"}}}
{"t":{"$date":"2023-04-16T20:59:40.140+01:00"},"s":"I",  "c":"CONTROL",  "id":21951,   "ctx":"initandlisten","msg":"Options set by command line","attr":{"options":{"config":"C:\\Users\\wilio\\Documents\\GitHub\\PISID\\ReplicaSet_MongoDB\\server2\\server2.conf","net":{"port":25015},"replication":{"replSet":"Sensores"},"storage":{"dbPath":"C:\\Users\\wilio\\Documents\\GitHub\\PISID\\ReplicaSet_MongoDB\\server2\\data"},"systemLog":{"destination":"file","path":"C:\\Users\\wilio\\Documents\\GitHub\\PISID\\ReplicaSet_MongoDB\\server2\\logs\\mongo.log"}}}}
{"t":{"$date":"2023-04-16T20:59:40.144+01:00"},"s":"W",  "c":"STORAGE",  "id":22271,   "ctx":"initandlisten","msg":"Detected unclean shutdown - Lock file is not empty","attr":{"lockFile":"C:\\Users\\wilio\\Documents\\GitHub\\PISID\\ReplicaSet_MongoDB\\server2\\data\\mongod.lock"}}
{"t":{"$date":"2023-04-16T20:59:40.146+01:00"},"s":"I",  "c":"STORAGE",  "id":22270,   "ctx":"initandlisten","msg":"Storage engine to use detected by data files","attr":{"dbpath":"C:/Users/wilio/Documents/GitHub/PISID/ReplicaSet_MongoDB/server2/data","storageEngine":"wiredTiger"}}
{"t":{"$date":"2023-04-16T20:59:40.147+01:00"},"s":"W",  "c":"STORAGE",  "id":22302,   "ctx":"initandlisten","msg":"Recovering data from the last clean checkpoint."}
{"t":{"$date":"2023-04-16T20:59:40.150+01:00"},"s":"I",  "c":"STORAGE",  "id":22315,   "ctx":"initandlisten","msg":"Opening WiredTiger","attr":{"config":"create,cache_size=3521M,session_max=33000,eviction=(threads_min=4,threads_max=4),config_base=false,statistics=(fast),log=(enabled=true,remove=true,path=journal,compressor=snappy),builtin_extension_config=(zstd=(compression_level=6)),file_manager=(close_idle_time=600,close_scan_interval=10,close_handle_minimum=2000),statistics_log=(wait=0),json_output=(error,message),verbose=[recovery_progress:1,checkpoint_progress:1,compact_progress:1,backup:0,checkpoint:0,compact:0,evict:0,history_store:0,recovery:0,rts:0,salvage:0,tiered:0,timestamp:0,transaction:0,verify:0,log:0],"}}
{"t":{"$date":"2023-04-16T20:59:41.190+01:00"},"s":"I",  "c":"STORAGE",  "id":4795906, "ctx":"initandlisten","msg":"WiredTiger opened","attr":{"durationMillis":1040}}
{"t":{"$date":"2023-04-16T20:59:41.196+01:00"},"s":"I",  "c":"RECOVERY", "id":23987,   "ctx":"initandlisten","msg":"WiredTiger recoveryTimestamp","attr":{"recoveryTimestamp":{"$timestamp":{"t":1681674834,"i":1}}}}
{"t":{"$date":"2023-04-16T20:59:41.196+01:00"},"s":"I",  "c":"RECOVERY", "id":5380106, "ctx":"initandlisten","msg":"WiredTiger oldestTimestamp","attr":{"oldestTimestamp":{"$timestamp":{"t":1681674534,"i":1}}}}
{"t":{"$date":"2023-04-16T20:59:41.267+01:00"},"s":"I",  "c":"STORAGE",  "id":22383,   "ctx":"initandlisten","msg":"The size storer reports that the oplog contains","attr":{"numRecords":16880,"dataSize":2543921}}
{"t":{"$date":"2023-04-16T20:59:41.267+01:00"},"s":"I",  "c":"STORAGE",  "id":22384,   "ctx":"initandlisten","msg":"Scanning the oplog to determine where to place markers for truncation"}
{"t":{"$date":"2023-04-16T20:59:41.277+01:00"},"s":"I",  "c":"STORAGE",  "id":22382,   "ctx":"initandlisten","msg":"WiredTiger record store oplog processing finished","attr":{"durationMillis":10}}
{"t":{"$date":"2023-04-16T20:59:41.325+01:00"},"s":"W",  "c":"CONTROL",  "id":22120,   "ctx":"initandlisten","msg":"Access control is not enabled for the database. Read and write access to data and configuration is unrestricted","tags":["startupWarnings"]}
{"t":{"$date":"2023-04-16T20:59:41.325+01:00"},"s":"W",  "c":"CONTROL",  "id":22140,   "ctx":"initandlisten","msg":"This server is bound to localhost. Remote systems will be unable to connect to this server. Start the server with --bind_ip <address> to specify which IP addresses it should serve responses from, or with --bind_ip_all to bind to all interfaces. If this behavior is desired, start the server with --bind_ip 127.0.0.1 to disable this warning","tags":["startupWarnings"]}
{"t":{"$date":"2023-04-16T20:59:41.342+01:00"},"s":"I",  "c":"NETWORK",  "id":4915702, "ctx":"initandlisten","msg":"Updated wire specification","attr":{"oldSpec":{"incomingExternalClient":{"minWireVersion":0,"maxWireVersion":17},"incomingInternalClient":{"minWireVersion":0,"maxWireVersion":17},"outgoing":{"minWireVersion":6,"maxWireVersion":17},"isInternalClient":true},"newSpec":{"incomingExternalClient":{"minWireVersion":0,"maxWireVersion":17},"incomingInternalClient":{"minWireVersion":17,"maxWireVersion":17},"outgoing":{"minWireVersion":17,"maxWireVersion":17},"isInternalClient":true}}}
{"t":{"$date":"2023-04-16T20:59:41.342+01:00"},"s":"I",  "c":"REPL",     "id":5853300, "ctx":"initandlisten","msg":"current featureCompatibilityVersion value","attr":{"featureCompatibilityVersion":"6.0","context":"startup"}}
{"t":{"$date":"2023-04-16T20:59:41.343+01:00"},"s":"I",  "c":"STORAGE",  "id":5071100, "ctx":"initandlisten","msg":"Clearing temp directory"}
{"t":{"$date":"2023-04-16T20:59:41.388+01:00"},"s":"I",  "c":"CONTROL",  "id":20536,   "ctx":"initandlisten","msg":"Flow Control is enabled on this deployment"}
{"t":{"$date":"2023-04-16T20:59:41.388+01:00"},"s":"I",  "c":"STORAGE",  "id":5380103, "ctx":"initandlisten","msg":"Unpin oldest timestamp request","attr":{"service":"_wt_startup","requestedTs":{"$timestamp":{"t":1681674534,"i":1}}}}
{"t":{"$date":"2023-04-16T20:59:42.313+01:00"},"s":"I",  "c":"FTDC",     "id":20625,   "ctx":"initandlisten","msg":"Initializing full-time diagnostic data capture","attr":{"dataDirectory":"C:/Users/wilio/Documents/GitHub/PISID/ReplicaSet_MongoDB/server2/data/diagnostic.data"}}
{"t":{"$date":"2023-04-16T20:59:42.726+01:00"},"s":"I",  "c":"REPL",     "id":6015317, "ctx":"initandlisten","msg":"Setting new configuration state","attr":{"newState":"ConfigStartingUp","oldState":"ConfigPreStart"}}
{"t":{"$date":"2023-04-16T20:59:42.727+01:00"},"s":"I",  "c":"REPL",     "id":6005300, "ctx":"initandlisten","msg":"Starting up replica set aware services"}
{"t":{"$date":"2023-04-16T20:59:42.729+01:00"},"s":"I",  "c":"REPL",     "id":4280500, "ctx":"initandlisten","msg":"Attempting to create internal replication collections"}
{"t":{"$date":"2023-04-16T20:59:42.740+01:00"},"s":"I",  "c":"REPL",     "id":4280501, "ctx":"initandlisten","msg":"Attempting to load local voted for document"}
{"t":{"$date":"2023-04-16T20:59:42.741+01:00"},"s":"I",  "c":"REPL",     "id":4280502, "ctx":"initandlisten","msg":"Searching for local Rollback ID document"}
{"t":{"$date":"2023-04-16T20:59:42.743+01:00"},"s":"I",  "c":"-",        "id":4939300, "ctx":"monitoring-keys-for-HMAC","msg":"Failed to refresh key cache","attr":{"error":"ReadConcernMajorityNotAvailableYet: Read concern majority reads are currently not possible.","nextWakeupMillis":200}}
{"t":{"$date":"2023-04-16T20:59:42.747+01:00"},"s":"I",  "c":"REPL",     "id":21529,   "ctx":"initandlisten","msg":"Initializing rollback ID","attr":{"rbid":18}}
{"t":{"$date":"2023-04-16T20:59:42.747+01:00"},"s":"I",  "c":"REPL",     "id":501401,  "ctx":"initandlisten","msg":"Incrementing the rollback ID after unclean shutdown"}
{"t":{"$date":"2023-04-16T20:59:42.753+01:00"},"s":"I",  "c":"REPL",     "id":21532,   "ctx":"initandlisten","msg":"Incremented the rollback ID","attr":{"rbid":19}}
{"t":{"$date":"2023-04-16T20:59:42.755+01:00"},"s":"I",  "c":"REPL",     "id":4280504, "ctx":"initandlisten","msg":"Cleaning up any partially applied oplog batches & reading last op from oplog"}
{"t":{"$date":"2023-04-16T20:59:42.760+01:00"},"s":"I",  "c":"CONTROL",  "id":6608200, "ctx":"initandlisten","msg":"Initializing cluster server parameters from disk"}
{"t":{"$date":"2023-04-16T20:59:42.761+01:00"},"s":"I",  "c":"REPL",     "id":21544,   "ctx":"initandlisten","msg":"Recovering from stable timestamp","attr":{"stableTimestamp":{"$timestamp":{"t":1681674834,"i":1}},"topOfOplog":{"ts":{"$timestamp":{"t":1681674874,"i":1}},"t":48},"appliedThrough":{"ts":{"$timestamp":{"t":0,"i":0}},"t":-1}}}
{"t":{"$date":"2023-04-16T20:59:42.761+01:00"},"s":"I",  "c":"REPL",     "id":21545,   "ctx":"initandlisten","msg":"Starting recovery oplog application at the stable timestamp","attr":{"stableTimestamp":{"$timestamp":{"t":1681674834,"i":1}}}}
{"t":{"$date":"2023-04-16T20:59:42.761+01:00"},"s":"I",  "c":"REPL",     "id":5466604, "ctx":"initandlisten","msg":"Start point for recovery oplog application exists in oplog. No adjustment necessary","attr":{"startPoint":{"$timestamp":{"t":1681674834,"i":1}}}}
{"t":{"$date":"2023-04-16T20:59:42.761+01:00"},"s":"I",  "c":"REPL",     "id":21550,   "ctx":"initandlisten","msg":"Replaying stored operations from startPoint (exclusive) to endPoint (inclusive)","attr":{"startPoint":{"$timestamp":{"t":1681674834,"i":1}},"endPoint":{"$timestamp":{"t":1681674874,"i":1}}}}
{"t":{"$date":"2023-04-16T20:59:42.767+01:00"},"s":"I",  "c":"REPL",     "id":21536,   "ctx":"initandlisten","msg":"Completed oplog application for recovery","attr":{"numOpsApplied":4,"numBatches":1,"applyThroughOpTime":{"ts":{"$timestamp":{"t":1681674874,"i":1}},"t":48}}}
{"t":{"$date":"2023-04-16T20:59:42.768+01:00"},"s":"I",  "c":"REPL",     "id":4280505, "ctx":"initandlisten","msg":"Creating any necessary TenantMigrationAccessBlockers for unfinished migrations"}
{"t":{"$date":"2023-04-16T20:59:42.773+01:00"},"s":"I",  "c":"REPL",     "id":4280506, "ctx":"initandlisten","msg":"Reconstructing prepared transactions"}
{"t":{"$date":"2023-04-16T20:59:42.776+01:00"},"s":"I",  "c":"REPL",     "id":4280508, "ctx":"ReplCoord-0","msg":"Attempting to set local replica set config; validating config for startup"}
{"t":{"$date":"2023-04-16T20:59:42.776+01:00"},"s":"I",  "c":"REPL",     "id":4280507, "ctx":"initandlisten","msg":"Loaded replica set config, scheduled callback to set local config"}
{"t":{"$date":"2023-04-16T20:59:42.777+01:00"},"s":"I",  "c":"STORAGE",  "id":22262,   "ctx":"initandlisten","msg":"Timestamp monitor starting"}
{"t":{"$date":"2023-04-16T20:59:42.783+01:00"},"s":"I",  "c":"REPL",     "id":40440,   "ctx":"initandlisten","msg":"Starting the TopologyVersionObserver"}
{"t":{"$date":"2023-04-16T20:59:42.784+01:00"},"s":"I",  "c":"REPL",     "id":40445,   "ctx":"TopologyVersionObserver","msg":"Started TopologyVersionObserver"}
{"t":{"$date":"2023-04-16T20:59:42.785+01:00"},"s":"I",  "c":"CONTROL",  "id":20714,   "ctx":"LogicalSessionCacheRefresh","msg":"Failed to refresh session cache, will try again at the next refresh interval","attr":{"error":"NotYetInitialized: Replication has not yet been configured"}}
{"t":{"$date":"2023-04-16T20:59:42.785+01:00"},"s":"I",  "c":"NETWORK",  "id":23015,   "ctx":"listener","msg":"Listening on","attr":{"address":"127.0.0.1"}}
{"t":{"$date":"2023-04-16T20:59:42.785+01:00"},"s":"I",  "c":"NETWORK",  "id":23016,   "ctx":"listener","msg":"Waiting for connections","attr":{"port":25015,"ssl":"off"}}
{"t":{"$date":"2023-04-16T20:59:42.786+01:00"},"s":"I",  "c":"CONTROL",  "id":20711,   "ctx":"LogicalSessionCacheReap","msg":"Failed to reap transaction table","attr":{"error":"NotYetInitialized: Replication has not yet been configured"}}
{"t":{"$date":"2023-04-16T20:59:42.790+01:00"},"s":"I",  "c":"NETWORK",  "id":22943,   "ctx":"listener","msg":"Connection accepted","attr":{"remote":"127.0.0.1:50548","uuid":"7dee2f7e-22eb-4060-a387-5ceeca1c28dd","connectionId":1,"connectionCount":1}}
{"t":{"$date":"2023-04-16T20:59:42.792+01:00"},"s":"I",  "c":"NETWORK",  "id":22944,   "ctx":"conn1","msg":"Connection ended","attr":{"remote":"127.0.0.1:50548","uuid":"7dee2f7e-22eb-4060-a387-5ceeca1c28dd","connectionId":1,"connectionCount":0}}
{"t":{"$date":"2023-04-16T20:59:42.793+01:00"},"s":"I",  "c":"NETWORK",  "id":22943,   "ctx":"listener","msg":"Connection accepted","attr":{"remote":"127.0.0.1:50552","uuid":"f8d29b13-03ac-481c-b12d-41235eb8cf9c","connectionId":3,"connectionCount":1}}
{"t":{"$date":"2023-04-16T20:59:42.794+01:00"},"s":"I",  "c":"NETWORK",  "id":22944,   "ctx":"conn3","msg":"Connection ended","attr":{"remote":"127.0.0.1:50552","uuid":"f8d29b13-03ac-481c-b12d-41235eb8cf9c","connectionId":3,"connectionCount":0}}
{"t":{"$date":"2023-04-16T20:59:42.801+01:00"},"s":"I",  "c":"REPL",     "id":4280509, "ctx":"ReplCoord-0","msg":"Local configuration validated for startup"}
{"t":{"$date":"2023-04-16T20:59:42.801+01:00"},"s":"I",  "c":"REPL",     "id":6015317, "ctx":"ReplCoord-0","msg":"Setting new configuration state","attr":{"newState":"ConfigSteady","oldState":"ConfigStartingUp"}}
{"t":{"$date":"2023-04-16T20:59:42.801+01:00"},"s":"I",  "c":"REPL",     "id":21392,   "ctx":"ReplCoord-0","msg":"New replica set config in use","attr":{"config":{"_id":"Sensores","version":5,"term":48,"members":[{"_id":0,"host":"localhost:27015","arbiterOnly":false,"buildIndexes":true,"hidden":false,"priority":1,"tags":{},"secondaryDelaySecs":0,"votes":1},{"_id":1,"host":"localhost:25015","arbiterOnly":false,"buildIndexes":true,"hidden":false,"priority":1,"tags":{},"secondaryDelaySecs":0,"votes":1},{"_id":2,"host":"localhost:23015","arbiterOnly":false,"buildIndexes":true,"hidden":false,"priority":1,"tags":{},"secondaryDelaySecs":0,"votes":1}],"protocolVersion":1,"writeConcernMajorityJournalDefault":true,"settings":{"chainingAllowed":true,"heartbeatIntervalMillis":2000,"heartbeatTimeoutSecs":10,"electionTimeoutMillis":10000,"catchUpTimeoutMillis":-1,"catchUpTakeoverDelayMillis":30000,"getLastErrorModes":{},"getLastErrorDefaults":{"w":1,"wtimeout":0},"replicaSetId":{"$oid":"63fde22e71b734aea068b454"}}}}}
{"t":{"$date":"2023-04-16T20:59:42.801+01:00"},"s":"I",  "c":"REPL",     "id":21393,   "ctx":"ReplCoord-0","msg":"Found self in config","attr":{"hostAndPort":"localhost:25015"}}
{"t":{"$date":"2023-04-16T20:59:42.801+01:00"},"s":"I",  "c":"REPL",     "id":21358,   "ctx":"ReplCoord-0","msg":"Replica set state transition","attr":{"newState":"STARTUP2","oldState":"STARTUP"}}
{"t":{"$date":"2023-04-16T20:59:42.802+01:00"},"s":"I",  "c":"REPL",     "id":21320,   "ctx":"ReplCoord-0","msg":"Updated term","attr":{"term":49}}
{"t":{"$date":"2023-04-16T20:59:42.802+01:00"},"s":"I",  "c":"REPL",     "id":21306,   "ctx":"ReplCoord-0","msg":"Starting replication storage threads"}
{"t":{"$date":"2023-04-16T20:59:42.802+01:00"},"s":"I",  "c":"CONNPOOL", "id":22576,   "ctx":"ReplNetwork","msg":"Connecting","attr":{"hostAndPort":"localhost:27015"}}
{"t":{"$date":"2023-04-16T20:59:42.804+01:00"},"s":"I",  "c":"REPL",     "id":4280512, "ctx":"ReplCoord-0","msg":"No initial sync required. Attempting to begin steady replication"}
{"t":{"$date":"2023-04-16T20:59:42.804+01:00"},"s":"I",  "c":"REPL",     "id":21358,   "ctx":"ReplCoord-0","msg":"Replica set state transition","attr":{"newState":"RECOVERING","oldState":"STARTUP2"}}
{"t":{"$date":"2023-04-16T20:59:42.805+01:00"},"s":"I",  "c":"CONNPOOL", "id":22576,   "ctx":"ReplNetwork","msg":"Connecting","attr":{"hostAndPort":"localhost:23015"}}
{"t":{"$date":"2023-04-16T20:59:42.808+01:00"},"s":"I",  "c":"REPL",     "id":21299,   "ctx":"ReplCoord-0","msg":"Starting replication fetcher thread"}
{"t":{"$date":"2023-04-16T20:59:42.808+01:00"},"s":"I",  "c":"REPL",     "id":21300,   "ctx":"ReplCoord-0","msg":"Starting replication applier thread"}
{"t":{"$date":"2023-04-16T20:59:42.808+01:00"},"s":"I",  "c":"REPL",     "id":21301,   "ctx":"ReplCoord-0","msg":"Starting replication reporter thread"}
{"t":{"$date":"2023-04-16T20:59:42.808+01:00"},"s":"I",  "c":"REPL",     "id":4280511, "ctx":"ReplCoord-0","msg":"Set local replica set config"}
{"t":{"$date":"2023-04-16T20:59:42.808+01:00"},"s":"I",  "c":"REPL",     "id":21224,   "ctx":"OplogApplier-0","msg":"Starting oplog application"}
{"t":{"$date":"2023-04-16T20:59:42.808+01:00"},"s":"I",  "c":"REPL",     "id":21358,   "ctx":"OplogApplier-0","msg":"Replica set state transition","attr":{"newState":"SECONDARY","oldState":"RECOVERING"}}
{"t":{"$date":"2023-04-16T20:59:42.808+01:00"},"s":"I",  "c":"REPL",     "id":21106,   "ctx":"OplogApplier-0","msg":"Resetting sync source to empty","attr":{"previousSyncSource":":27017"}}
{"t":{"$date":"2023-04-16T20:59:42.809+01:00"},"s":"I",  "c":"NETWORK",  "id":22943,   "ctx":"listener","msg":"Connection accepted","attr":{"remote":"127.0.0.1:50557","uuid":"a5bd61c3-4faa-49b1-a67b-b90de0711011","connectionId":6,"connectionCount":1}}
{"t":{"$date":"2023-04-16T20:59:42.812+01:00"},"s":"I",  "c":"NETWORK",  "id":22943,   "ctx":"listener","msg":"Connection accepted","attr":{"remote":"127.0.0.1:50559","uuid":"a7cb3b90-2901-412f-a754-07c4dceabc0b","connectionId":8,"connectionCount":2}}
{"t":{"$date":"2023-04-16T20:59:42.812+01:00"},"s":"I",  "c":"REPL",     "id":21783,   "ctx":"BackgroundSync","msg":"Waiting for pings from other members before syncing","attr":{"pingsNeeded":4}}
{"t":{"$date":"2023-04-16T20:59:42.813+01:00"},"s":"I",  "c":"NETWORK",  "id":51800,   "ctx":"conn6","msg":"client metadata","attr":{"remote":"127.0.0.1:50557","client":"conn6","doc":{"driver":{"name":"NetworkInterfaceTL-ReplNetwork","version":"6.0.4"},"os":{"type":"Windows","name":"Microsoft Windows 10","architecture":"x86_64","version":"10.0 (build 22621)"}}}}
{"t":{"$date":"2023-04-16T20:59:42.813+01:00"},"s":"I",  "c":"NETWORK",  "id":51800,   "ctx":"conn8","msg":"client metadata","attr":{"remote":"127.0.0.1:50559","client":"conn8","doc":{"driver":{"name":"NetworkInterfaceTL-ReplNetwork","version":"6.0.4"},"os":{"type":"Windows","name":"Microsoft Windows 10","architecture":"x86_64","version":"10.0 (build 22621)"}}}}
{"t":{"$date":"2023-04-16T20:59:42.816+01:00"},"s":"I",  "c":"REPL",     "id":21215,   "ctx":"ReplCoord-1","msg":"Member is in new state","attr":{"hostAndPort":"localhost:27015","newState":"SECONDARY"}}
{"t":{"$date":"2023-04-16T20:59:42.816+01:00"},"s":"I",  "c":"REPL",     "id":21215,   "ctx":"ReplCoord-2","msg":"Member is in new state","attr":{"hostAndPort":"localhost:23015","newState":"SECONDARY"}}
{"t":{"$date":"2023-04-16T20:59:42.944+01:00"},"s":"I",  "c":"-",        "id":4939300, "ctx":"monitoring-keys-for-HMAC","msg":"Failed to refresh key cache","attr":{"error":"ReadConcernMajorityNotAvailableYet: Read concern majority reads are currently not possible.","nextWakeupMillis":400}}
{"t":{"$date":"2023-04-16T20:59:43.345+01:00"},"s":"I",  "c":"-",        "id":4939300, "ctx":"monitoring-keys-for-HMAC","msg":"Failed to refresh key cache","attr":{"error":"ReadConcernMajorityNotAvailableYet: Read concern majority reads are currently not possible.","nextWakeupMillis":600}}
{"t":{"$date":"2023-04-16T20:59:43.946+01:00"},"s":"I",  "c":"-",        "id":4939300, "ctx":"monitoring-keys-for-HMAC","msg":"Failed to refresh key cache","attr":{"error":"ReadConcernMajorityNotAvailableYet: Read concern majority reads are currently not possible.","nextWakeupMillis":800}}
{"t":{"$date":"2023-04-16T20:59:44.747+01:00"},"s":"I",  "c":"-",        "id":4939300, "ctx":"monitoring-keys-for-HMAC","msg":"Failed to refresh key cache","attr":{"error":"ReadConcernMajorityNotAvailableYet: Read concern majority reads are currently not possible.","nextWakeupMillis":1000}}
{"t":{"$date":"2023-04-16T20:59:45.748+01:00"},"s":"I",  "c":"-",        "id":4939300, "ctx":"monitoring-keys-for-HMAC","msg":"Failed to refresh key cache","attr":{"error":"ReadConcernMajorityNotAvailableYet: Read concern majority reads are currently not possible.","nextWakeupMillis":1200}}
{"t":{"$date":"2023-04-16T20:59:46.949+01:00"},"s":"I",  "c":"-",        "id":4939300, "ctx":"monitoring-keys-for-HMAC","msg":"Failed to refresh key cache","attr":{"error":"ReadConcernMajorityNotAvailableYet: Read concern majority reads are currently not possible.","nextWakeupMillis":1400}}
{"t":{"$date":"2023-04-16T20:59:48.361+01:00"},"s":"I",  "c":"-",        "id":4939300, "ctx":"monitoring-keys-for-HMAC","msg":"Failed to refresh key cache","attr":{"error":"ReadConcernMajorityNotAvailableYet: Read concern majority reads are currently not possible.","nextWakeupMillis":1600}}
{"t":{"$date":"2023-04-16T20:59:49.973+01:00"},"s":"I",  "c":"-",        "id":4939300, "ctx":"monitoring-keys-for-HMAC","msg":"Failed to refresh key cache","attr":{"error":"ReadConcernMajorityNotAvailableYet: Read concern majority reads are currently not possible.","nextWakeupMillis":1800}}
{"t":{"$date":"2023-04-16T20:59:51.788+01:00"},"s":"I",  "c":"-",        "id":4939300, "ctx":"monitoring-keys-for-HMAC","msg":"Failed to refresh key cache","attr":{"error":"ReadConcernMajorityNotAvailableYet: Read concern majority reads are currently not possible.","nextWakeupMillis":2000}}
{"t":{"$date":"2023-04-16T20:59:53.254+01:00"},"s":"I",  "c":"ELECTION", "id":4615652, "ctx":"ReplCoord-1","msg":"Starting an election, since we've seen no PRIMARY in election timeout period","attr":{"electionTimeoutPeriodMillis":10000}}
{"t":{"$date":"2023-04-16T20:59:53.257+01:00"},"s":"I",  "c":"ELECTION", "id":21438,   "ctx":"ReplCoord-1","msg":"Conducting a dry run election to see if we could be elected","attr":{"currentTerm":49}}
{"t":{"$date":"2023-04-16T20:59:53.257+01:00"},"s":"I",  "c":"REPL",     "id":21752,   "ctx":"ReplCoord-1","msg":"Scheduling remote command request","attr":{"context":"vote request","request":"RemoteCommand 43 -- target:localhost:27015 db:admin cmd:{ replSetRequestVotes: 1, setName: \"Sensores\", dryRun: true, term: 49, candidateIndex: 1, configVersion: 5, configTerm: 48, lastAppliedOpTime: { ts: Timestamp(1681674874, 1), t: 48 } }"}}
{"t":{"$date":"2023-04-16T20:59:53.258+01:00"},"s":"I",  "c":"REPL",     "id":21752,   "ctx":"ReplCoord-1","msg":"Scheduling remote command request","attr":{"context":"vote request","request":"RemoteCommand 44 -- target:localhost:23015 db:admin cmd:{ replSetRequestVotes: 1, setName: \"Sensores\", dryRun: true, term: 49, candidateIndex: 1, configVersion: 5, configTerm: 48, lastAppliedOpTime: { ts: Timestamp(1681674874, 1), t: 48 } }"}}
{"t":{"$date":"2023-04-16T20:59:53.260+01:00"},"s":"I",  "c":"ELECTION", "id":51799,   "ctx":"ReplCoord-2","msg":"VoteRequester processResponse","attr":{"term":49,"dryRun":true,"vote":"yes","from":"localhost:27015","message":{"term":49,"voteGranted":true,"reason":"","ok":1,"$clusterTime":{"clusterTime":{"$timestamp":{"t":1681674874,"i":1}},"signature":{"hash":{"$binary":{"base64":"AAAAAAAAAAAAAAAAAAAAAAAAAAA=","subType":"0"}},"keyId":0}},"operationTime":{"$timestamp":{"t":1681674874,"i":1}}}}}
{"t":{"$date":"2023-04-16T20:59:53.260+01:00"},"s":"I",  "c":"ELECTION", "id":21444,   "ctx":"ReplCoord-2","msg":"Dry election run succeeded, running for election","attr":{"newTerm":50}}
{"t":{"$date":"2023-04-16T20:59:53.260+01:00"},"s":"I",  "c":"ELECTION", "id":6015300, "ctx":"ReplCoord-2","msg":"Storing last vote document in local storage for my election","attr":{"lastVote":{"term":50,"candidateIndex":1}}}
{"t":{"$date":"2023-04-16T20:59:53.263+01:00"},"s":"I",  "c":"REPL",     "id":21752,   "ctx":"ReplCoord-2","msg":"Scheduling remote command request","attr":{"context":"vote request","request":"RemoteCommand 45 -- target:localhost:27015 db:admin cmd:{ replSetRequestVotes: 1, setName: \"Sensores\", dryRun: false, term: 50, candidateIndex: 1, configVersion: 5, configTerm: 48, lastAppliedOpTime: { ts: Timestamp(1681674874, 1), t: 48 } }"}}
{"t":{"$date":"2023-04-16T20:59:53.263+01:00"},"s":"I",  "c":"REPL",     "id":21752,   "ctx":"ReplCoord-2","msg":"Scheduling remote command request","attr":{"context":"vote request","request":"RemoteCommand 46 -- target:localhost:23015 db:admin cmd:{ replSetRequestVotes: 1, setName: \"Sensores\", dryRun: false, term: 50, candidateIndex: 1, configVersion: 5, configTerm: 48, lastAppliedOpTime: { ts: Timestamp(1681674874, 1), t: 48 } }"}}
{"t":{"$date":"2023-04-16T20:59:53.264+01:00"},"s":"I",  "c":"ELECTION", "id":51799,   "ctx":"ReplCoord-0","msg":"VoteRequester processResponse","attr":{"term":50,"dryRun":false,"vote":"yes","from":"localhost:27015","message":{"term":50,"voteGranted":true,"reason":"","ok":1,"$clusterTime":{"clusterTime":{"$timestamp":{"t":1681674874,"i":1}},"signature":{"hash":{"$binary":{"base64":"AAAAAAAAAAAAAAAAAAAAAAAAAAA=","subType":"0"}},"keyId":0}},"operationTime":{"$timestamp":{"t":1681674874,"i":1}}}}}
{"t":{"$date":"2023-04-16T20:59:53.264+01:00"},"s":"I",  "c":"ELECTION", "id":21450,   "ctx":"ReplCoord-2","msg":"Election succeeded, assuming primary role","attr":{"term":50}}
{"t":{"$date":"2023-04-16T20:59:53.264+01:00"},"s":"I",  "c":"REPL",     "id":21358,   "ctx":"ReplCoord-2","msg":"Replica set state transition","attr":{"newState":"PRIMARY","oldState":"SECONDARY"}}
{"t":{"$date":"2023-04-16T20:59:53.264+01:00"},"s":"I",  "c":"REPL",     "id":21106,   "ctx":"ReplCoord-2","msg":"Resetting sync source to empty","attr":{"previousSyncSource":":27017"}}
{"t":{"$date":"2023-04-16T20:59:53.265+01:00"},"s":"I",  "c":"REPL",     "id":21359,   "ctx":"ReplCoord-2","msg":"Entering primary catch-up mode"}
{"t":{"$date":"2023-04-16T20:59:53.266+01:00"},"s":"I",  "c":"REPL",     "id":21364,   "ctx":"ReplCoord-2","msg":"Caught up to the latest optime known via heartbeats after becoming primary","attr":{"targetOpTime":{"ts":{"$timestamp":{"t":1681674874,"i":1}},"t":48},"myLastApplied":{"ts":{"$timestamp":{"t":1681674874,"i":1}},"t":48}}}
{"t":{"$date":"2023-04-16T20:59:53.266+01:00"},"s":"I",  "c":"REPL",     "id":21363,   "ctx":"ReplCoord-2","msg":"Exited primary catch-up mode"}
{"t":{"$date":"2023-04-16T20:59:53.266+01:00"},"s":"I",  "c":"REPL",     "id":21107,   "ctx":"ReplCoord-2","msg":"Stopping replication producer"}
{"t":{"$date":"2023-04-16T20:59:53.266+01:00"},"s":"I",  "c":"REPL",     "id":21239,   "ctx":"ReplBatcher","msg":"Oplog buffer has been drained","attr":{"term":50}}
{"t":{"$date":"2023-04-16T20:59:53.267+01:00"},"s":"I",  "c":"REPL",     "id":21343,   "ctx":"RstlKillOpThread","msg":"Starting to kill user operations"}
{"t":{"$date":"2023-04-16T20:59:53.268+01:00"},"s":"I",  "c":"REPL",     "id":21344,   "ctx":"RstlKillOpThread","msg":"Stopped killing user operations"}
{"t":{"$date":"2023-04-16T20:59:53.268+01:00"},"s":"I",  "c":"REPL",     "id":21340,   "ctx":"RstlKillOpThread","msg":"State transition ops metrics","attr":{"metrics":{"lastStateTransition":"stepUp","userOpsKilled":0,"userOpsRunning":1}}}
{"t":{"$date":"2023-04-16T20:59:53.268+01:00"},"s":"I",  "c":"REPL",     "id":4508103, "ctx":"OplogApplier-0","msg":"Increment the config term via reconfig"}
{"t":{"$date":"2023-04-16T20:59:53.268+01:00"},"s":"I",  "c":"REPL",     "id":6015313, "ctx":"OplogApplier-0","msg":"Replication config state is Steady, starting reconfig"}
{"t":{"$date":"2023-04-16T20:59:53.268+01:00"},"s":"I",  "c":"REPL",     "id":6015317, "ctx":"OplogApplier-0","msg":"Setting new configuration state","attr":{"newState":"ConfigReconfiguring","oldState":"ConfigSteady"}}
{"t":{"$date":"2023-04-16T20:59:53.269+01:00"},"s":"I",  "c":"REPL",     "id":21353,   "ctx":"OplogApplier-0","msg":"replSetReconfig config object parses ok","attr":{"numMembers":3}}
{"t":{"$date":"2023-04-16T20:59:53.269+01:00"},"s":"I",  "c":"REPL",     "id":51814,   "ctx":"OplogApplier-0","msg":"Persisting new config to disk"}
{"t":{"$date":"2023-04-16T20:59:53.270+01:00"},"s":"I",  "c":"REPL",     "id":6015315, "ctx":"OplogApplier-0","msg":"Persisted new config to disk"}
{"t":{"$date":"2023-04-16T20:59:53.270+01:00"},"s":"I",  "c":"REPL",     "id":6015317, "ctx":"OplogApplier-0","msg":"Setting new configuration state","attr":{"newState":"ConfigSteady","oldState":"ConfigReconfiguring"}}
{"t":{"$date":"2023-04-16T20:59:53.271+01:00"},"s":"I",  "c":"REPL",     "id":21392,   "ctx":"OplogApplier-0","msg":"New replica set config in use","attr":{"config":{"_id":"Sensores","version":5,"term":50,"members":[{"_id":0,"host":"localhost:27015","arbiterOnly":false,"buildIndexes":true,"hidden":false,"priority":1,"tags":{},"secondaryDelaySecs":0,"votes":1},{"_id":1,"host":"localhost:25015","arbiterOnly":false,"buildIndexes":true,"hidden":false,"priority":1,"tags":{},"secondaryDelaySecs":0,"votes":1},{"_id":2,"host":"localhost:23015","arbiterOnly":false,"buildIndexes":true,"hidden":false,"priority":1,"tags":{},"secondaryDelaySecs":0,"votes":1}],"protocolVersion":1,"writeConcernMajorityJournalDefault":true,"settings":{"chainingAllowed":true,"heartbeatIntervalMillis":2000,"heartbeatTimeoutSecs":10,"electionTimeoutMillis":10000,"catchUpTimeoutMillis":-1,"catchUpTakeoverDelayMillis":30000,"getLastErrorModes":{},"getLastErrorDefaults":{"w":1,"wtimeout":0},"replicaSetId":{"$oid":"63fde22e71b734aea068b454"}}}}}
{"t":{"$date":"2023-04-16T20:59:53.271+01:00"},"s":"I",  "c":"REPL",     "id":21393,   "ctx":"OplogApplier-0","msg":"Found self in config","attr":{"hostAndPort":"localhost:25015"}}
{"t":{"$date":"2023-04-16T20:59:53.271+01:00"},"s":"I",  "c":"REPL",     "id":6015310, "ctx":"OplogApplier-0","msg":"Starting to transition to primary."}
{"t":{"$date":"2023-04-16T20:59:53.273+01:00"},"s":"I",  "c":"REPL",     "id":6015309, "ctx":"OplogApplier-0","msg":"Logging transition to primary to oplog on stepup"}
{"t":{"$date":"2023-04-16T20:59:53.274+01:00"},"s":"I",  "c":"STORAGE",  "id":20657,   "ctx":"OplogApplier-0","msg":"IndexBuildsCoordinator::onStepUp - this node is stepping up to primary"}
{"t":{"$date":"2023-04-16T20:59:53.279+01:00"},"s":"I",  "c":"REPL",     "id":21331,   "ctx":"OplogApplier-0","msg":"Transition to primary complete; database writes are now permitted"}
{"t":{"$date":"2023-04-16T20:59:53.280+01:00"},"s":"I",  "c":"-",        "id":4939300, "ctx":"monitoring-keys-for-HMAC","msg":"Failed to refresh key cache","attr":{"error":"ReadConcernMajorityNotAvailableYet: Read concern majority reads are currently not possible.","nextWakeupMillis":2200}}
{"t":{"$date":"2023-04-16T20:59:53.424+01:00"},"s":"I",  "c":"NETWORK",  "id":22943,   "ctx":"listener","msg":"Connection accepted","attr":{"remote":"127.0.0.1:50566","uuid":"6177016d-a5c4-4f82-a9ab-291283226792","connectionId":9,"connectionCount":3}}
{"t":{"$date":"2023-04-16T20:59:53.426+01:00"},"s":"I",  "c":"NETWORK",  "id":51800,   "ctx":"conn9","msg":"client metadata","attr":{"remote":"127.0.0.1:50566","client":"conn9","doc":{"driver":{"name":"nodejs","version":"5.1.0"},"os":{"type":"Windows_NT","name":"win32","architecture":"x64","version":"10.0.22621"},"platform":"Node.js v16.14.2, LE (unified)|Node.js v16.14.2, LE (unified)","application":{"name":"mongodb-vscode 0.10.0"}}}}
{"t":{"$date":"2023-04-16T20:59:53.429+01:00"},"s":"I",  "c":"NETWORK",  "id":22943,   "ctx":"listener","msg":"Connection accepted","attr":{"remote":"127.0.0.1:50568","uuid":"b5125c90-6270-49ca-96ca-c058bf9879b2","connectionId":10,"connectionCount":4}}
{"t":{"$date":"2023-04-16T20:59:53.430+01:00"},"s":"I",  "c":"NETWORK",  "id":51800,   "ctx":"conn10","msg":"client metadata","attr":{"remote":"127.0.0.1:50568","client":"conn10","doc":{"driver":{"name":"nodejs","version":"5.1.0"},"os":{"type":"Windows_NT","name":"win32","architecture":"x64","version":"10.0.22621"},"platform":"Node.js v16.14.2, LE (unified)|Node.js v16.14.2, LE (unified)","application":{"name":"mongodb-vscode 0.10.0"}}}}
{"t":{"$date":"2023-04-16T20:59:53.464+01:00"},"s":"I",  "c":"NETWORK",  "id":22943,   "ctx":"listener","msg":"Connection accepted","attr":{"remote":"127.0.0.1:50569","uuid":"a38a8b1d-e4b0-4733-ad87-93c2c6df38b0","connectionId":11,"connectionCount":5}}
{"t":{"$date":"2023-04-16T20:59:53.465+01:00"},"s":"I",  "c":"NETWORK",  "id":22943,   "ctx":"listener","msg":"Connection accepted","attr":{"remote":"127.0.0.1:50570","uuid":"f38f4904-60cf-4b62-92c6-daffee27d3e5","connectionId":12,"connectionCount":6}}
{"t":{"$date":"2023-04-16T20:59:53.468+01:00"},"s":"I",  "c":"NETWORK",  "id":51800,   "ctx":"conn11","msg":"client metadata","attr":{"remote":"127.0.0.1:50569","client":"conn11","doc":{"driver":{"name":"nodejs","version":"5.1.0"},"os":{"type":"Windows_NT","name":"win32","architecture":"x64","version":"10.0.22621"},"platform":"Node.js v16.14.2, LE (unified)|Node.js v16.14.2, LE (unified)","application":{"name":"mongodb-vscode 0.10.0"}}}}
{"t":{"$date":"2023-04-16T20:59:53.468+01:00"},"s":"I",  "c":"NETWORK",  "id":51800,   "ctx":"conn12","msg":"client metadata","attr":{"remote":"127.0.0.1:50570","client":"conn12","doc":{"driver":{"name":"nodejs","version":"5.1.0"},"os":{"type":"Windows_NT","name":"win32","architecture":"x64","version":"10.0.22621"},"platform":"Node.js v16.14.2, LE (unified)|Node.js v16.14.2, LE (unified)","application":{"name":"mongodb-vscode 0.10.0"}}}}
{"t":{"$date":"2023-04-16T20:59:53.479+01:00"},"s":"I",  "c":"NETWORK",  "id":22943,   "ctx":"listener","msg":"Connection accepted","attr":{"remote":"127.0.0.1:50572","uuid":"48abe0bf-680d-47c9-8df1-dd6c01dfdd41","connectionId":13,"connectionCount":7}}
{"t":{"$date":"2023-04-16T20:59:53.480+01:00"},"s":"I",  "c":"NETWORK",  "id":51800,   "ctx":"conn13","msg":"client metadata","attr":{"remote":"127.0.0.1:50572","client":"conn13","doc":{"driver":{"name":"nodejs","version":"5.1.0"},"os":{"type":"Windows_NT","name":"win32","architecture":"x64","version":"10.0.22621"},"platform":"Node.js v16.14.2, LE (unified)|Node.js v16.14.2, LE (unified)","application":{"name":"mongodb-vscode 0.10.0"}}}}
{"t":{"$date":"2023-04-16T20:59:53.485+01:00"},"s":"I",  "c":"NETWORK",  "id":22943,   "ctx":"listener","msg":"Connection accepted","attr":{"remote":"127.0.0.1:50575","uuid":"564499eb-9775-4855-a2e2-60855ccceffa","connectionId":14,"connectionCount":8}}
{"t":{"$date":"2023-04-16T20:59:53.486+01:00"},"s":"I",  "c":"NETWORK",  "id":51800,   "ctx":"conn14","msg":"client metadata","attr":{"remote":"127.0.0.1:50575","client":"conn14","doc":{"driver":{"name":"nodejs","version":"5.1.0"},"os":{"type":"Windows_NT","name":"win32","architecture":"x64","version":"10.0.22621"},"platform":"Node.js v16.14.2, LE (unified)|Node.js v16.14.2, LE (unified)","application":{"name":"mongodb-vscode 0.10.0"}}}}
{"t":{"$date":"2023-04-16T20:59:53.857+01:00"},"s":"I",  "c":"NETWORK",  "id":22943,   "ctx":"listener","msg":"Connection accepted","attr":{"remote":"127.0.0.1:50576","uuid":"530ebc4b-b1eb-40b2-b300-4de0e6a07e47","connectionId":15,"connectionCount":9}}
{"t":{"$date":"2023-04-16T20:59:53.857+01:00"},"s":"I",  "c":"NETWORK",  "id":51800,   "ctx":"conn15","msg":"client metadata","attr":{"remote":"127.0.0.1:50576","client":"conn15","doc":{"driver":{"name":"NetworkInterfaceTL-ReplCoordExternNetwork","version":"6.0.4"},"os":{"type":"Windows","name":"Microsoft Windows 10","architecture":"x86_64","version":"10.0 (build 22621)"}}}}
{"t":{"$date":"2023-04-16T20:59:53.861+01:00"},"s":"I",  "c":"CONNPOOL", "id":22576,   "ctx":"MirrorMaestro","msg":"Connecting","attr":{"hostAndPort":"localhost:23015"}}
{"t":{"$date":"2023-04-16T20:59:53.864+01:00"},"s":"I",  "c":"NETWORK",  "id":22943,   "ctx":"listener","msg":"Connection accepted","attr":{"remote":"127.0.0.1:50578","uuid":"8f0a627b-2f92-4f41-a136-f19d9a75a190","connectionId":17,"connectionCount":10}}
{"t":{"$date":"2023-04-16T20:59:53.866+01:00"},"s":"I",  "c":"NETWORK",  "id":51800,   "ctx":"conn17","msg":"client metadata","attr":{"remote":"127.0.0.1:50578","client":"conn17","doc":{"application":{"name":"OplogFetcher"},"driver":{"name":"MongoDB Internal Client","version":"6.0.4"},"os":{"type":"Windows","name":"Microsoft Windows 10","architecture":"x86_64","version":"10.0 (build 22621)"}}}}
{"t":{"$date":"2023-04-16T20:59:53.874+01:00"},"s":"I",  "c":"REPL",     "id":5123005, "ctx":"ShardSplitDonorService-0","msg":"Rebuilding PrimaryOnlyService due to stepUp","attr":{"service":"ShardSplitDonorService"}}
{"t":{"$date":"2023-04-16T20:59:53.875+01:00"},"s":"I",  "c":"CONNPOOL", "id":22576,   "ctx":"MirrorMaestro","msg":"Connecting","attr":{"hostAndPort":"localhost:27015"}}
{"t":{"$date":"2023-04-16T20:59:53.879+01:00"},"s":"I",  "c":"NETWORK",  "id":22943,   "ctx":"listener","msg":"Connection accepted","attr":{"remote":"127.0.0.1:50580","uuid":"68007270-50ae-47b9-bf04-5e0a5700d9d3","connectionId":19,"connectionCount":11}}
{"t":{"$date":"2023-04-16T20:59:53.879+01:00"},"s":"I",  "c":"NETWORK",  "id":51800,   "ctx":"conn19","msg":"client metadata","attr":{"remote":"127.0.0.1:50580","client":"conn19","doc":{"driver":{"name":"NetworkInterfaceTL-ReplCoordExternNetwork","version":"6.0.4"},"os":{"type":"Windows","name":"Microsoft Windows 10","architecture":"x86_64","version":"10.0 (build 22621)"}}}}
{"t":{"$date":"2023-04-16T20:59:53.880+01:00"},"s":"I",  "c":"REPL",     "id":5123005, "ctx":"TenantMigrationRecipientService-1","msg":"Rebuilding PrimaryOnlyService due to stepUp","attr":{"service":"TenantMigrationRecipientService"}}
{"t":{"$date":"2023-04-16T20:59:53.881+01:00"},"s":"I",  "c":"REPL",     "id":5123005, "ctx":"TenantMigrationDonorService-1","msg":"Rebuilding PrimaryOnlyService due to stepUp","attr":{"service":"TenantMigrationDonorService"}}
{"t":{"$date":"2023-04-16T20:59:53.882+01:00"},"s":"I",  "c":"NETWORK",  "id":22943,   "ctx":"listener","msg":"Connection accepted","attr":{"remote":"127.0.0.1:50581","uuid":"3db2e7db-c762-4cdf-a10f-1ce31d5425a1","connectionId":20,"connectionCount":12}}
{"t":{"$date":"2023-04-16T20:59:53.893+01:00"},"s":"I",  "c":"NETWORK",  "id":51800,   "ctx":"conn20","msg":"client metadata","attr":{"remote":"127.0.0.1:50581","client":"conn20","doc":{"application":{"name":"OplogFetcher"},"driver":{"name":"MongoDB Internal Client","version":"6.0.4"},"os":{"type":"Windows","name":"Microsoft Windows 10","architecture":"x86_64","version":"10.0 (build 22621)"}}}}
{"t":{"$date":"2023-04-16T21:00:03.941+01:00"},"s":"I",  "c":"NETWORK",  "id":22943,   "ctx":"listener","msg":"Connection accepted","attr":{"remote":"127.0.0.1:50586","uuid":"2e7f9840-db83-4c2e-9e16-e0391c9ee0e0","connectionId":21,"connectionCount":13}}
{"t":{"$date":"2023-04-16T21:00:03.943+01:00"},"s":"I",  "c":"NETWORK",  "id":51800,   "ctx":"conn21","msg":"client metadata","attr":{"remote":"127.0.0.1:50586","client":"conn21","doc":{"driver":{"name":"nodejs","version":"5.1.0"},"os":{"type":"Windows_NT","name":"win32","architecture":"x64","version":"10.0.22621"},"platform":"Node.js v16.14.2, LE (unified)|Node.js v16.14.2, LE (unified)","application":{"name":"mongodb-vscode 0.10.0"}}}}
{"t":{"$date":"2023-04-16T21:00:04.004+01:00"},"s":"I",  "c":"NETWORK",  "id":22943,   "ctx":"listener","msg":"Connection accepted","attr":{"remote":"127.0.0.1:50589","uuid":"82d2c2ae-54a4-44a2-ac89-d3914b1da319","connectionId":22,"connectionCount":14}}
{"t":{"$date":"2023-04-16T21:00:04.006+01:00"},"s":"I",  "c":"NETWORK",  "id":51800,   "ctx":"conn22","msg":"client metadata","attr":{"remote":"127.0.0.1:50589","client":"conn22","doc":{"driver":{"name":"nodejs","version":"5.1.0"},"os":{"type":"Windows_NT","name":"win32","architecture":"x64","version":"10.0.22621"},"platform":"Node.js v16.14.2, LE (unified)|Node.js v16.14.2, LE (unified)","application":{"name":"mongodb-vscode 0.10.0"}}}}
{"t":{"$date":"2023-04-16T21:01:32.054+01:00"},"s":"I",  "c":"NETWORK",  "id":22943,   "ctx":"listener","msg":"Connection accepted","attr":{"remote":"127.0.0.1:50624","uuid":"6db7f6e8-f256-4526-9758-8025a581dc70","connectionId":23,"connectionCount":15}}
{"t":{"$date":"2023-04-16T21:01:32.071+01:00"},"s":"I",  "c":"NETWORK",  "id":51800,   "ctx":"conn23","msg":"client metadata","attr":{"remote":"127.0.0.1:50624","client":"conn23","doc":{"driver":{"name":"nodejs","version":"5.1.0"},"os":{"type":"Windows_NT","name":"win32","architecture":"x64","version":"10.0.22621"},"platform":"Node.js v16.14.2, LE (unified)|Node.js v16.14.2, LE (unified)","application":{"name":"mongodb-vscode 0.10.0"}}}}
{"t":{"$date":"2023-04-16T21:01:32.630+01:00"},"s":"I",  "c":"NETWORK",  "id":22943,   "ctx":"listener","msg":"Connection accepted","attr":{"remote":"127.0.0.1:50626","uuid":"2b1b439d-e1d2-4dd0-89aa-d0094356a64d","connectionId":24,"connectionCount":16}}
{"t":{"$date":"2023-04-16T21:01:32.631+01:00"},"s":"I",  "c":"NETWORK",  "id":22943,   "ctx":"listener","msg":"Connection accepted","attr":{"remote":"127.0.0.1:50627","uuid":"ac7e6cd8-cc60-4694-95f0-c16cf258d9a4","connectionId":25,"connectionCount":17}}
{"t":{"$date":"2023-04-16T21:01:32.646+01:00"},"s":"I",  "c":"NETWORK",  "id":51800,   "ctx":"conn24","msg":"client metadata","attr":{"remote":"127.0.0.1:50626","client":"conn24","doc":{"driver":{"name":"nodejs","version":"5.1.0"},"os":{"type":"Windows_NT","name":"win32","architecture":"x64","version":"10.0.22621"},"platform":"Node.js v16.14.2, LE (unified)|Node.js v16.14.2, LE (unified)","application":{"name":"mongodb-vscode 0.10.0"}}}}
{"t":{"$date":"2023-04-16T21:01:32.648+01:00"},"s":"I",  "c":"NETWORK",  "id":51800,   "ctx":"conn25","msg":"client metadata","attr":{"remote":"127.0.0.1:50627","client":"conn25","doc":{"driver":{"name":"nodejs","version":"5.1.0"},"os":{"type":"Windows_NT","name":"win32","architecture":"x64","version":"10.0.22621"},"platform":"Node.js v16.14.2, LE (unified)|Node.js v16.14.2, LE (unified)","application":{"name":"mongodb-vscode 0.10.0"}}}}
{"t":{"$date":"2023-04-16T21:01:32.668+01:00"},"s":"I",  "c":"NETWORK",  "id":22943,   "ctx":"listener","msg":"Connection accepted","attr":{"remote":"127.0.0.1:50628","uuid":"3e6d88e6-2ac9-40d6-b2b5-f80a8f5263d7","connectionId":26,"connectionCount":18}}
{"t":{"$date":"2023-04-16T21:01:32.669+01:00"},"s":"I",  "c":"NETWORK",  "id":22943,   "ctx":"listener","msg":"Connection accepted","attr":{"remote":"127.0.0.1:50629","uuid":"bcd44b75-29b3-40fc-a3b4-578aa4232a22","connectionId":27,"connectionCount":19}}
{"t":{"$date":"2023-04-16T21:01:32.688+01:00"},"s":"I",  "c":"NETWORK",  "id":51800,   "ctx":"conn26","msg":"client metadata","attr":{"remote":"127.0.0.1:50628","client":"conn26","doc":{"driver":{"name":"nodejs","version":"5.1.0"},"os":{"type":"Windows_NT","name":"win32","architecture":"x64","version":"10.0.22621"},"platform":"Node.js v16.14.2, LE (unified)|Node.js v16.14.2, LE (unified)","application":{"name":"mongodb-vscode 0.10.0"}}}}
{"t":{"$date":"2023-04-16T21:01:32.706+01:00"},"s":"I",  "c":"NETWORK",  "id":51800,   "ctx":"conn27","msg":"client metadata","attr":{"remote":"127.0.0.1:50629","client":"conn27","doc":{"driver":{"name":"nodejs","version":"5.1.0"},"os":{"type":"Windows_NT","name":"win32","architecture":"x64","version":"10.0.22621"},"platform":"Node.js v16.14.2, LE (unified)|Node.js v16.14.2, LE (unified)","application":{"name":"mongodb-vscode 0.10.0"}}}}
{"t":{"$date":"2023-04-16T21:01:32.823+01:00"},"s":"I",  "c":"NETWORK",  "id":22944,   "ctx":"conn24","msg":"Connection ended","attr":{"remote":"127.0.0.1:50626","uuid":"2b1b439d-e1d2-4dd0-89aa-d0094356a64d","connectionId":24,"connectionCount":18}}
{"t":{"$date":"2023-04-16T21:01:32.823+01:00"},"s":"I",  "c":"NETWORK",  "id":22944,   "ctx":"conn27","msg":"Connection ended","attr":{"remote":"127.0.0.1:50629","uuid":"bcd44b75-29b3-40fc-a3b4-578aa4232a22","connectionId":27,"connectionCount":17}}
{"t":{"$date":"2023-04-16T21:01:32.823+01:00"},"s":"I",  "c":"NETWORK",  "id":22944,   "ctx":"conn26","msg":"Connection ended","attr":{"remote":"127.0.0.1:50628","uuid":"3e6d88e6-2ac9-40d6-b2b5-f80a8f5263d7","connectionId":26,"connectionCount":16}}
{"t":{"$date":"2023-04-16T21:01:32.824+01:00"},"s":"I",  "c":"NETWORK",  "id":22944,   "ctx":"conn25","msg":"Connection ended","attr":{"remote":"127.0.0.1:50627","uuid":"ac7e6cd8-cc60-4694-95f0-c16cf258d9a4","connectionId":25,"connectionCount":15}}
{"t":{"$date":"2023-04-16T21:01:33.744+01:00"},"s":"W",  "c":"NETWORK",  "id":4615610, "ctx":"conn23","msg":"Failed to check socket connectivity","attr":{"error":{"code":6,"codeName":"HostUnreachable","errmsg":"Connection closed by peer"}}}
{"t":{"$date":"2023-04-16T21:01:33.744+01:00"},"s":"I",  "c":"-",        "id":20883,   "ctx":"conn23","msg":"Interrupted operation as its client disconnected","attr":{"opId":1937}}
{"t":{"$date":"2023-04-16T21:01:33.746+01:00"},"s":"I",  "c":"NETWORK",  "id":22944,   "ctx":"conn23","msg":"Connection ended","attr":{"remote":"127.0.0.1:50624","uuid":"6db7f6e8-f256-4526-9758-8025a581dc70","connectionId":23,"connectionCount":14}}
{"t":{"$date":"2023-04-16T21:02:12.270+01:00"},"s":"I",  "c":"NETWORK",  "id":22944,   "ctx":"conn21","msg":"Connection ended","attr":{"remote":"127.0.0.1:50586","uuid":"2e7f9840-db83-4c2e-9e16-e0391c9ee0e0","connectionId":21,"connectionCount":13}}
{"t":{"$date":"2023-04-16T21:02:12.270+01:00"},"s":"I",  "c":"NETWORK",  "id":22944,   "ctx":"conn12","msg":"Connection ended","attr":{"remote":"127.0.0.1:50570","uuid":"f38f4904-60cf-4b62-92c6-daffee27d3e5","connectionId":12,"connectionCount":12}}
{"t":{"$date":"2023-04-16T21:02:12.270+01:00"},"s":"I",  "c":"NETWORK",  "id":22944,   "ctx":"conn11","msg":"Connection ended","attr":{"remote":"127.0.0.1:50569","uuid":"a38a8b1d-e4b0-4733-ad87-93c2c6df38b0","connectionId":11,"connectionCount":11}}
{"t":{"$date":"2023-04-16T21:02:12.270+01:00"},"s":"I",  "c":"NETWORK",  "id":22944,   "ctx":"conn10","msg":"Connection ended","attr":{"remote":"127.0.0.1:50568","uuid":"b5125c90-6270-49ca-96ca-c058bf9879b2","connectionId":10,"connectionCount":10}}
{"t":{"$date":"2023-04-16T21:02:12.273+01:00"},"s":"I",  "c":"NETWORK",  "id":22944,   "ctx":"conn22","msg":"Connection ended","attr":{"remote":"127.0.0.1:50589","uuid":"82d2c2ae-54a4-44a2-ac89-d3914b1da319","connectionId":22,"connectionCount":9}}
{"t":{"$date":"2023-04-16T21:02:12.273+01:00"},"s":"I",  "c":"NETWORK",  "id":22944,   "ctx":"conn14","msg":"Connection ended","attr":{"remote":"127.0.0.1:50575","uuid":"564499eb-9775-4855-a2e2-60855ccceffa","connectionId":14,"connectionCount":8}}
{"t":{"$date":"2023-04-16T21:02:13.233+01:00"},"s":"W",  "c":"NETWORK",  "id":4615610, "ctx":"conn9","msg":"Failed to check socket connectivity","attr":{"error":{"code":6,"codeName":"HostUnreachable","errmsg":"Connection closed by peer"}}}
{"t":{"$date":"2023-04-16T21:02:13.233+01:00"},"s":"I",  "c":"-",        "id":20883,   "ctx":"conn9","msg":"Interrupted operation as its client disconnected","attr":{"opId":2492}}
{"t":{"$date":"2023-04-16T21:02:13.234+01:00"},"s":"I",  "c":"NETWORK",  "id":22944,   "ctx":"conn9","msg":"Connection ended","attr":{"remote":"127.0.0.1:50566","uuid":"6177016d-a5c4-4f82-a9ab-291283226792","connectionId":9,"connectionCount":7}}
{"t":{"$date":"2023-04-16T21:02:13.280+01:00"},"s":"W",  "c":"NETWORK",  "id":4615610, "ctx":"conn13","msg":"Failed to check socket connectivity","attr":{"error":{"code":6,"codeName":"HostUnreachable","errmsg":"Connection closed by peer"}}}
{"t":{"$date":"2023-04-16T21:02:13.281+01:00"},"s":"I",  "c":"-",        "id":20883,   "ctx":"conn13","msg":"Interrupted operation as its client disconnected","attr":{"opId":2494}}
{"t":{"$date":"2023-04-16T21:02:13.281+01:00"},"s":"I",  "c":"NETWORK",  "id":22944,   "ctx":"conn13","msg":"Connection ended","attr":{"remote":"127.0.0.1:50572","uuid":"48abe0bf-680d-47c9-8df1-dd6c01dfdd41","connectionId":13,"connectionCount":6}}
