{"t":{"$date":"2023-03-20T00:40:25.965+00:00"},"s":"I",  "c":"CONTROL",  "id":23285,   "ctx":"-","msg":"Automatically disabling TLS 1.0, to force-enable TLS 1.0 specify --sslDisabledProtocols 'none'"}
{"t":{"$date":"2023-03-20T00:40:30.563+00:00"},"s":"I",  "c":"NETWORK",  "id":4915701, "ctx":"thread1","msg":"Initialized wire specification","attr":{"spec":{"incomingExternalClient":{"minWireVersion":0,"maxWireVersion":17},"incomingInternalClient":{"minWireVersion":0,"maxWireVersion":17},"outgoing":{"minWireVersion":6,"maxWireVersion":17},"isInternalClient":true}}}
{"t":{"$date":"2023-03-20T00:40:30.564+00:00"},"s":"I",  "c":"NETWORK",  "id":4648602, "ctx":"thread1","msg":"Implicit TCP FastOpen in use."}
{"t":{"$date":"2023-03-20T00:40:30.575+00:00"},"s":"I",  "c":"REPL",     "id":5123008, "ctx":"thread1","msg":"Successfully registered PrimaryOnlyService","attr":{"service":"TenantMigrationDonorService","namespace":"config.tenantMigrationDonors"}}
{"t":{"$date":"2023-03-20T00:40:30.576+00:00"},"s":"I",  "c":"REPL",     "id":5123008, "ctx":"thread1","msg":"Successfully registered PrimaryOnlyService","attr":{"service":"TenantMigrationRecipientService","namespace":"config.tenantMigrationRecipients"}}
{"t":{"$date":"2023-03-20T00:40:30.576+00:00"},"s":"I",  "c":"REPL",     "id":5123008, "ctx":"thread1","msg":"Successfully registered PrimaryOnlyService","attr":{"service":"ShardSplitDonorService","namespace":"config.tenantSplitDonors"}}
{"t":{"$date":"2023-03-20T00:40:30.576+00:00"},"s":"I",  "c":"CONTROL",  "id":5945603, "ctx":"thread1","msg":"Multi threading initialized"}
{"t":{"$date":"2023-03-20T00:40:30.580+00:00"},"s":"I",  "c":"CONTROL",  "id":4615611, "ctx":"initandlisten","msg":"MongoDB starting","attr":{"pid":15908,"port":27015,"dbPath":"C:/PISID/Sensores/server1/data","architecture":"64-bit","host":"IronGodMachine"}}
{"t":{"$date":"2023-03-20T00:40:30.580+00:00"},"s":"I",  "c":"CONTROL",  "id":23398,   "ctx":"initandlisten","msg":"Target operating system minimum version","attr":{"targetMinOS":"Windows 7/Windows Server 2008 R2"}}
{"t":{"$date":"2023-03-20T00:40:30.581+00:00"},"s":"I",  "c":"CONTROL",  "id":23403,   "ctx":"initandlisten","msg":"Build Info","attr":{"buildInfo":{"version":"6.0.4","gitVersion":"44ff59461c1353638a71e710f385a566bcd2f547","modules":[],"allocator":"tcmalloc","environment":{"distmod":"windows","distarch":"x86_64","target_arch":"x86_64"}}}}
{"t":{"$date":"2023-03-20T00:40:30.581+00:00"},"s":"I",  "c":"CONTROL",  "id":51765,   "ctx":"initandlisten","msg":"Operating System","attr":{"os":{"name":"Microsoft Windows 10","version":"10.0 (build 22621)"}}}
{"t":{"$date":"2023-03-20T00:40:30.581+00:00"},"s":"I",  "c":"CONTROL",  "id":21951,   "ctx":"initandlisten","msg":"Options set by command line","attr":{"options":{"config":"\\PISID\\Sensores\\server1\\server1.conf","net":{"port":27015},"replication":{"replSet":"Sensores"},"storage":{"dbPath":"C:\\PISID\\Sensores\\server1\\data"},"systemLog":{"destination":"file","path":"C:\\PISID\\Sensores\\server1\\logs\\mongo.log"}}}}
{"t":{"$date":"2023-03-20T00:40:30.590+00:00"},"s":"W",  "c":"STORAGE",  "id":22271,   "ctx":"initandlisten","msg":"Detected unclean shutdown - Lock file is not empty","attr":{"lockFile":"C:\\PISID\\Sensores\\server1\\data\\mongod.lock"}}
{"t":{"$date":"2023-03-20T00:40:30.593+00:00"},"s":"I",  "c":"STORAGE",  "id":22270,   "ctx":"initandlisten","msg":"Storage engine to use detected by data files","attr":{"dbpath":"C:/PISID/Sensores/server1/data","storageEngine":"wiredTiger"}}
{"t":{"$date":"2023-03-20T00:40:30.594+00:00"},"s":"W",  "c":"STORAGE",  "id":22302,   "ctx":"initandlisten","msg":"Recovering data from the last clean checkpoint."}
{"t":{"$date":"2023-03-20T00:40:30.597+00:00"},"s":"I",  "c":"STORAGE",  "id":22315,   "ctx":"initandlisten","msg":"Opening WiredTiger","attr":{"config":"create,cache_size=3521M,session_max=33000,eviction=(threads_min=4,threads_max=4),config_base=false,statistics=(fast),log=(enabled=true,remove=true,path=journal,compressor=snappy),builtin_extension_config=(zstd=(compression_level=6)),file_manager=(close_idle_time=600,close_scan_interval=10,close_handle_minimum=2000),statistics_log=(wait=0),json_output=(error,message),verbose=[recovery_progress:1,checkpoint_progress:1,compact_progress:1,backup:0,checkpoint:0,compact:0,evict:0,history_store:0,recovery:0,rts:0,salvage:0,tiered:0,timestamp:0,transaction:0,verify:0,log:0],"}}
{"t":{"$date":"2023-03-20T00:40:32.560+00:00"},"s":"I",  "c":"STORAGE",  "id":4795906, "ctx":"initandlisten","msg":"WiredTiger opened","attr":{"durationMillis":1963}}
{"t":{"$date":"2023-03-20T00:40:32.565+00:00"},"s":"I",  "c":"RECOVERY", "id":23987,   "ctx":"initandlisten","msg":"WiredTiger recoveryTimestamp","attr":{"recoveryTimestamp":{"$timestamp":{"t":1679271257,"i":1}}}}
{"t":{"$date":"2023-03-20T00:40:32.565+00:00"},"s":"I",  "c":"RECOVERY", "id":5380106, "ctx":"initandlisten","msg":"WiredTiger oldestTimestamp","attr":{"oldestTimestamp":{"$timestamp":{"t":1679270957,"i":1}}}}
{"t":{"$date":"2023-03-20T00:40:32.613+00:00"},"s":"I",  "c":"STORAGE",  "id":22383,   "ctx":"initandlisten","msg":"The size storer reports that the oplog contains","attr":{"numRecords":16168,"dataSize":2379858}}
{"t":{"$date":"2023-03-20T00:40:32.613+00:00"},"s":"I",  "c":"STORAGE",  "id":22384,   "ctx":"initandlisten","msg":"Scanning the oplog to determine where to place markers for truncation"}
{"t":{"$date":"2023-03-20T00:40:32.623+00:00"},"s":"I",  "c":"STORAGE",  "id":22382,   "ctx":"initandlisten","msg":"WiredTiger record store oplog processing finished","attr":{"durationMillis":10}}
{"t":{"$date":"2023-03-20T00:40:32.639+00:00"},"s":"W",  "c":"CONTROL",  "id":22120,   "ctx":"initandlisten","msg":"Access control is not enabled for the database. Read and write access to data and configuration is unrestricted","tags":["startupWarnings"]}
{"t":{"$date":"2023-03-20T00:40:32.639+00:00"},"s":"W",  "c":"CONTROL",  "id":22140,   "ctx":"initandlisten","msg":"This server is bound to localhost. Remote systems will be unable to connect to this server. Start the server with --bind_ip <address> to specify which IP addresses it should serve responses from, or with --bind_ip_all to bind to all interfaces. If this behavior is desired, start the server with --bind_ip 127.0.0.1 to disable this warning","tags":["startupWarnings"]}
{"t":{"$date":"2023-03-20T00:40:32.670+00:00"},"s":"I",  "c":"NETWORK",  "id":4915702, "ctx":"initandlisten","msg":"Updated wire specification","attr":{"oldSpec":{"incomingExternalClient":{"minWireVersion":0,"maxWireVersion":17},"incomingInternalClient":{"minWireVersion":0,"maxWireVersion":17},"outgoing":{"minWireVersion":6,"maxWireVersion":17},"isInternalClient":true},"newSpec":{"incomingExternalClient":{"minWireVersion":0,"maxWireVersion":17},"incomingInternalClient":{"minWireVersion":17,"maxWireVersion":17},"outgoing":{"minWireVersion":17,"maxWireVersion":17},"isInternalClient":true}}}
{"t":{"$date":"2023-03-20T00:40:32.670+00:00"},"s":"I",  "c":"REPL",     "id":5853300, "ctx":"initandlisten","msg":"current featureCompatibilityVersion value","attr":{"featureCompatibilityVersion":"6.0","context":"startup"}}
{"t":{"$date":"2023-03-20T00:40:32.673+00:00"},"s":"I",  "c":"STORAGE",  "id":5071100, "ctx":"initandlisten","msg":"Clearing temp directory"}
{"t":{"$date":"2023-03-20T00:40:32.721+00:00"},"s":"I",  "c":"CONTROL",  "id":20536,   "ctx":"initandlisten","msg":"Flow Control is enabled on this deployment"}
{"t":{"$date":"2023-03-20T00:40:32.721+00:00"},"s":"I",  "c":"STORAGE",  "id":5380103, "ctx":"initandlisten","msg":"Unpin oldest timestamp request","attr":{"service":"_wt_startup","requestedTs":{"$timestamp":{"t":1679270957,"i":1}}}}
{"t":{"$date":"2023-03-20T00:40:33.761+00:00"},"s":"I",  "c":"FTDC",     "id":20625,   "ctx":"initandlisten","msg":"Initializing full-time diagnostic data capture","attr":{"dataDirectory":"C:/PISID/Sensores/server1/data/diagnostic.data"}}
{"t":{"$date":"2023-03-20T00:40:33.826+00:00"},"s":"I",  "c":"REPL",     "id":6015317, "ctx":"initandlisten","msg":"Setting new configuration state","attr":{"newState":"ConfigStartingUp","oldState":"ConfigPreStart"}}
{"t":{"$date":"2023-03-20T00:40:33.828+00:00"},"s":"I",  "c":"REPL",     "id":6005300, "ctx":"initandlisten","msg":"Starting up replica set aware services"}
{"t":{"$date":"2023-03-20T00:40:33.830+00:00"},"s":"I",  "c":"REPL",     "id":4280500, "ctx":"initandlisten","msg":"Attempting to create internal replication collections"}
{"t":{"$date":"2023-03-20T00:40:33.847+00:00"},"s":"I",  "c":"-",        "id":4939300, "ctx":"monitoring-keys-for-HMAC","msg":"Failed to refresh key cache","attr":{"error":"ReadConcernMajorityNotAvailableYet: Read concern majority reads are currently not possible.","nextWakeupMillis":200}}
{"t":{"$date":"2023-03-20T00:40:33.848+00:00"},"s":"I",  "c":"REPL",     "id":4280501, "ctx":"initandlisten","msg":"Attempting to load local voted for document"}
{"t":{"$date":"2023-03-20T00:40:33.848+00:00"},"s":"I",  "c":"REPL",     "id":4280502, "ctx":"initandlisten","msg":"Searching for local Rollback ID document"}
{"t":{"$date":"2023-03-20T00:40:33.858+00:00"},"s":"I",  "c":"REPL",     "id":21529,   "ctx":"initandlisten","msg":"Initializing rollback ID","attr":{"rbid":16}}
{"t":{"$date":"2023-03-20T00:40:33.858+00:00"},"s":"I",  "c":"REPL",     "id":501401,  "ctx":"initandlisten","msg":"Incrementing the rollback ID after unclean shutdown"}
{"t":{"$date":"2023-03-20T00:40:33.864+00:00"},"s":"I",  "c":"REPL",     "id":21532,   "ctx":"initandlisten","msg":"Incremented the rollback ID","attr":{"rbid":17}}
{"t":{"$date":"2023-03-20T00:40:33.867+00:00"},"s":"I",  "c":"REPL",     "id":4280504, "ctx":"initandlisten","msg":"Cleaning up any partially applied oplog batches & reading last op from oplog"}
{"t":{"$date":"2023-03-20T00:40:33.932+00:00"},"s":"I",  "c":"REPL",     "id":21557,   "ctx":"initandlisten","msg":"Removing unapplied oplog entries after oplogTruncateAfterPoint","attr":{"oplogTruncateAfterPoint":{"":{"$timestamp":{"t":1679271267,"i":1}}}}}
{"t":{"$date":"2023-03-20T00:40:33.932+00:00"},"s":"I",  "c":"REPL",     "id":21553,   "ctx":"initandlisten","msg":"Truncating oplog from truncateAfterOplogEntryTimestamp (non-inclusive)","attr":{"truncateAfterOplogEntryTimestamp":{"$timestamp":{"t":1679271267,"i":1}},"oplogTruncateAfterPoint":{"$timestamp":{"t":1679271267,"i":1}}}}
{"t":{"$date":"2023-03-20T00:40:33.932+00:00"},"s":"I",  "c":"REPL",     "id":21554,   "ctx":"initandlisten","msg":"Replication recovery oplog truncation finished","attr":{"durationMillis":0}}
{"t":{"$date":"2023-03-20T00:40:33.934+00:00"},"s":"I",  "c":"CONTROL",  "id":6608200, "ctx":"initandlisten","msg":"Initializing cluster server parameters from disk"}
{"t":{"$date":"2023-03-20T00:40:33.934+00:00"},"s":"I",  "c":"REPL",     "id":21544,   "ctx":"initandlisten","msg":"Recovering from stable timestamp","attr":{"stableTimestamp":{"$timestamp":{"t":1679271257,"i":1}},"topOfOplog":{"ts":{"$timestamp":{"t":1679271267,"i":1}},"t":45},"appliedThrough":{"ts":{"$timestamp":{"t":0,"i":0}},"t":-1}}}
{"t":{"$date":"2023-03-20T00:40:33.934+00:00"},"s":"I",  "c":"REPL",     "id":21545,   "ctx":"initandlisten","msg":"Starting recovery oplog application at the stable timestamp","attr":{"stableTimestamp":{"$timestamp":{"t":1679271257,"i":1}}}}
{"t":{"$date":"2023-03-20T00:40:33.934+00:00"},"s":"I",  "c":"REPL",     "id":5466604, "ctx":"initandlisten","msg":"Start point for recovery oplog application exists in oplog. No adjustment necessary","attr":{"startPoint":{"$timestamp":{"t":1679271257,"i":1}}}}
{"t":{"$date":"2023-03-20T00:40:33.934+00:00"},"s":"I",  "c":"REPL",     "id":21550,   "ctx":"initandlisten","msg":"Replaying stored operations from startPoint (exclusive) to endPoint (inclusive)","attr":{"startPoint":{"$timestamp":{"t":1679271257,"i":1}},"endPoint":{"$timestamp":{"t":1679271267,"i":1}}}}
{"t":{"$date":"2023-03-20T00:40:33.936+00:00"},"s":"I",  "c":"REPL",     "id":21536,   "ctx":"initandlisten","msg":"Completed oplog application for recovery","attr":{"numOpsApplied":1,"numBatches":1,"applyThroughOpTime":{"ts":{"$timestamp":{"t":1679271267,"i":1}},"t":45}}}
{"t":{"$date":"2023-03-20T00:40:33.936+00:00"},"s":"I",  "c":"REPL",     "id":4280505, "ctx":"initandlisten","msg":"Creating any necessary TenantMigrationAccessBlockers for unfinished migrations"}
{"t":{"$date":"2023-03-20T00:40:33.944+00:00"},"s":"I",  "c":"REPL",     "id":4280506, "ctx":"initandlisten","msg":"Reconstructing prepared transactions"}
{"t":{"$date":"2023-03-20T00:40:33.949+00:00"},"s":"I",  "c":"REPL",     "id":4280508, "ctx":"ReplCoord-0","msg":"Attempting to set local replica set config; validating config for startup"}
{"t":{"$date":"2023-03-20T00:40:33.949+00:00"},"s":"I",  "c":"REPL",     "id":4280507, "ctx":"initandlisten","msg":"Loaded replica set config, scheduled callback to set local config"}
{"t":{"$date":"2023-03-20T00:40:33.950+00:00"},"s":"I",  "c":"STORAGE",  "id":22262,   "ctx":"initandlisten","msg":"Timestamp monitor starting"}
{"t":{"$date":"2023-03-20T00:40:33.961+00:00"},"s":"I",  "c":"REPL",     "id":40440,   "ctx":"initandlisten","msg":"Starting the TopologyVersionObserver"}
{"t":{"$date":"2023-03-20T00:40:33.962+00:00"},"s":"I",  "c":"REPL",     "id":40445,   "ctx":"TopologyVersionObserver","msg":"Started TopologyVersionObserver"}
{"t":{"$date":"2023-03-20T00:40:33.964+00:00"},"s":"I",  "c":"CONTROL",  "id":20714,   "ctx":"LogicalSessionCacheRefresh","msg":"Failed to refresh session cache, will try again at the next refresh interval","attr":{"error":"NotYetInitialized: Replication has not yet been configured"}}
{"t":{"$date":"2023-03-20T00:40:33.964+00:00"},"s":"I",  "c":"NETWORK",  "id":23015,   "ctx":"listener","msg":"Listening on","attr":{"address":"127.0.0.1"}}
{"t":{"$date":"2023-03-20T00:40:33.964+00:00"},"s":"I",  "c":"NETWORK",  "id":23016,   "ctx":"listener","msg":"Waiting for connections","attr":{"port":27015,"ssl":"off"}}
{"t":{"$date":"2023-03-20T00:40:33.965+00:00"},"s":"I",  "c":"CONTROL",  "id":20711,   "ctx":"LogicalSessionCacheReap","msg":"Failed to reap transaction table","attr":{"error":"NotYetInitialized: Replication has not yet been configured"}}
{"t":{"$date":"2023-03-20T00:40:34.062+00:00"},"s":"I",  "c":"NETWORK",  "id":22943,   "ctx":"listener","msg":"Connection accepted","attr":{"remote":"127.0.0.1:51022","uuid":"2e626e1e-b91c-4be2-b946-5cb25c22e4c4","connectionId":1,"connectionCount":1}}
{"t":{"$date":"2023-03-20T00:40:34.067+00:00"},"s":"I",  "c":"-",        "id":4939300, "ctx":"monitoring-keys-for-HMAC","msg":"Failed to refresh key cache","attr":{"error":"ReadConcernMajorityNotAvailableYet: Read concern majority reads are currently not possible.","nextWakeupMillis":400}}
{"t":{"$date":"2023-03-20T00:40:34.070+00:00"},"s":"I",  "c":"NETWORK",  "id":22943,   "ctx":"listener","msg":"Connection accepted","attr":{"remote":"127.0.0.1:51024","uuid":"cc500e3d-038d-4ae5-8dba-69f843042b42","connectionId":3,"connectionCount":2}}
{"t":{"$date":"2023-03-20T00:40:34.088+00:00"},"s":"I",  "c":"NETWORK",  "id":22944,   "ctx":"conn3","msg":"Connection ended","attr":{"remote":"127.0.0.1:51024","uuid":"cc500e3d-038d-4ae5-8dba-69f843042b42","connectionId":3,"connectionCount":1}}
{"t":{"$date":"2023-03-20T00:40:34.089+00:00"},"s":"I",  "c":"NETWORK",  "id":22944,   "ctx":"conn1","msg":"Connection ended","attr":{"remote":"127.0.0.1:51022","uuid":"2e626e1e-b91c-4be2-b946-5cb25c22e4c4","connectionId":1,"connectionCount":0}}
{"t":{"$date":"2023-03-20T00:40:34.092+00:00"},"s":"I",  "c":"REPL",     "id":4280509, "ctx":"ReplCoord-0","msg":"Local configuration validated for startup"}
{"t":{"$date":"2023-03-20T00:40:34.092+00:00"},"s":"I",  "c":"REPL",     "id":6015317, "ctx":"ReplCoord-0","msg":"Setting new configuration state","attr":{"newState":"ConfigSteady","oldState":"ConfigStartingUp"}}
{"t":{"$date":"2023-03-20T00:40:34.093+00:00"},"s":"I",  "c":"REPL",     "id":21392,   "ctx":"ReplCoord-0","msg":"New replica set config in use","attr":{"config":{"_id":"Sensores","version":5,"term":45,"members":[{"_id":0,"host":"localhost:27015","arbiterOnly":false,"buildIndexes":true,"hidden":false,"priority":1,"tags":{},"secondaryDelaySecs":0,"votes":1},{"_id":1,"host":"localhost:25015","arbiterOnly":false,"buildIndexes":true,"hidden":false,"priority":1,"tags":{},"secondaryDelaySecs":0,"votes":1},{"_id":2,"host":"localhost:23015","arbiterOnly":false,"buildIndexes":true,"hidden":false,"priority":1,"tags":{},"secondaryDelaySecs":0,"votes":1}],"protocolVersion":1,"writeConcernMajorityJournalDefault":true,"settings":{"chainingAllowed":true,"heartbeatIntervalMillis":2000,"heartbeatTimeoutSecs":10,"electionTimeoutMillis":10000,"catchUpTimeoutMillis":-1,"catchUpTakeoverDelayMillis":30000,"getLastErrorModes":{},"getLastErrorDefaults":{"w":1,"wtimeout":0},"replicaSetId":{"$oid":"63fde22e71b734aea068b454"}}}}}
{"t":{"$date":"2023-03-20T00:40:34.095+00:00"},"s":"I",  "c":"REPL",     "id":21393,   "ctx":"ReplCoord-0","msg":"Found self in config","attr":{"hostAndPort":"localhost:27015"}}
{"t":{"$date":"2023-03-20T00:40:34.095+00:00"},"s":"I",  "c":"REPL",     "id":21358,   "ctx":"ReplCoord-0","msg":"Replica set state transition","attr":{"newState":"STARTUP2","oldState":"STARTUP"}}
{"t":{"$date":"2023-03-20T00:40:34.103+00:00"},"s":"I",  "c":"REPL",     "id":21320,   "ctx":"ReplCoord-0","msg":"Updated term","attr":{"term":45}}
{"t":{"$date":"2023-03-20T00:40:34.103+00:00"},"s":"I",  "c":"REPL",     "id":21306,   "ctx":"ReplCoord-0","msg":"Starting replication storage threads"}
{"t":{"$date":"2023-03-20T00:40:34.104+00:00"},"s":"I",  "c":"REPL",     "id":4280512, "ctx":"ReplCoord-0","msg":"No initial sync required. Attempting to begin steady replication"}
{"t":{"$date":"2023-03-20T00:40:34.104+00:00"},"s":"I",  "c":"REPL",     "id":21358,   "ctx":"ReplCoord-0","msg":"Replica set state transition","attr":{"newState":"RECOVERING","oldState":"STARTUP2"}}
{"t":{"$date":"2023-03-20T00:40:34.110+00:00"},"s":"I",  "c":"REPL",     "id":21299,   "ctx":"ReplCoord-0","msg":"Starting replication fetcher thread"}
{"t":{"$date":"2023-03-20T00:40:34.110+00:00"},"s":"I",  "c":"REPL",     "id":21300,   "ctx":"ReplCoord-0","msg":"Starting replication applier thread"}
{"t":{"$date":"2023-03-20T00:40:34.110+00:00"},"s":"I",  "c":"REPL",     "id":21301,   "ctx":"ReplCoord-0","msg":"Starting replication reporter thread"}
{"t":{"$date":"2023-03-20T00:40:34.110+00:00"},"s":"I",  "c":"REPL",     "id":4280511, "ctx":"ReplCoord-0","msg":"Set local replica set config"}
{"t":{"$date":"2023-03-20T00:40:34.111+00:00"},"s":"I",  "c":"REPL",     "id":21224,   "ctx":"OplogApplier-0","msg":"Starting oplog application"}
{"t":{"$date":"2023-03-20T00:40:34.113+00:00"},"s":"I",  "c":"REPL",     "id":21358,   "ctx":"OplogApplier-0","msg":"Replica set state transition","attr":{"newState":"SECONDARY","oldState":"RECOVERING"}}
{"t":{"$date":"2023-03-20T00:40:34.113+00:00"},"s":"I",  "c":"REPL",     "id":21106,   "ctx":"OplogApplier-0","msg":"Resetting sync source to empty","attr":{"previousSyncSource":":27017"}}
{"t":{"$date":"2023-03-20T00:40:34.113+00:00"},"s":"I",  "c":"CONNPOOL", "id":22576,   "ctx":"ReplNetwork","msg":"Connecting","attr":{"hostAndPort":"localhost:25015"}}
{"t":{"$date":"2023-03-20T00:40:34.115+00:00"},"s":"I",  "c":"REPL",     "id":21783,   "ctx":"BackgroundSync","msg":"Waiting for pings from other members before syncing","attr":{"pingsNeeded":4}}
{"t":{"$date":"2023-03-20T00:40:34.118+00:00"},"s":"I",  "c":"CONNPOOL", "id":22576,   "ctx":"ReplNetwork","msg":"Connecting","attr":{"hostAndPort":"localhost:23015"}}
{"t":{"$date":"2023-03-20T00:40:34.123+00:00"},"s":"I",  "c":"NETWORK",  "id":22943,   "ctx":"listener","msg":"Connection accepted","attr":{"remote":"127.0.0.1:51031","uuid":"d8cb02af-ecb2-47b9-868e-5720bc9b686e","connectionId":6,"connectionCount":1}}
{"t":{"$date":"2023-03-20T00:40:34.130+00:00"},"s":"I",  "c":"NETWORK",  "id":51800,   "ctx":"conn6","msg":"client metadata","attr":{"remote":"127.0.0.1:51031","client":"conn6","doc":{"driver":{"name":"NetworkInterfaceTL-ReplNetwork","version":"6.0.4"},"os":{"type":"Windows","name":"Microsoft Windows 10","architecture":"x86_64","version":"10.0 (build 22621)"}}}}
{"t":{"$date":"2023-03-20T00:40:34.133+00:00"},"s":"I",  "c":"NETWORK",  "id":22943,   "ctx":"listener","msg":"Connection accepted","attr":{"remote":"127.0.0.1:51032","uuid":"7c855048-c86c-418f-a7c8-ae512b4b719f","connectionId":8,"connectionCount":2}}
{"t":{"$date":"2023-03-20T00:40:34.135+00:00"},"s":"I",  "c":"NETWORK",  "id":51800,   "ctx":"conn8","msg":"client metadata","attr":{"remote":"127.0.0.1:51032","client":"conn8","doc":{"driver":{"name":"NetworkInterfaceTL-ReplNetwork","version":"6.0.4"},"os":{"type":"Windows","name":"Microsoft Windows 10","architecture":"x86_64","version":"10.0 (build 22621)"}}}}
{"t":{"$date":"2023-03-20T00:40:34.136+00:00"},"s":"I",  "c":"REPL",     "id":21215,   "ctx":"ReplCoord-1","msg":"Member is in new state","attr":{"hostAndPort":"localhost:23015","newState":"SECONDARY"}}
{"t":{"$date":"2023-03-20T00:40:34.136+00:00"},"s":"I",  "c":"REPL",     "id":21215,   "ctx":"ReplCoord-0","msg":"Member is in new state","attr":{"hostAndPort":"localhost:25015","newState":"SECONDARY"}}
{"t":{"$date":"2023-03-20T00:40:34.216+00:00"},"s":"I",  "c":"FTDC",     "id":20631,   "ctx":"ftdc","msg":"Unclean full-time diagnostic data capture shutdown detected, found interim file, some metrics may have been lost","attr":{"error":{"code":0,"codeName":"OK"}}}
{"t":{"$date":"2023-03-20T00:40:34.470+00:00"},"s":"I",  "c":"-",        "id":4939300, "ctx":"monitoring-keys-for-HMAC","msg":"Failed to refresh key cache","attr":{"error":"ReadConcernMajorityNotAvailableYet: Read concern majority reads are currently not possible.","nextWakeupMillis":600}}
{"t":{"$date":"2023-03-20T00:40:35.070+00:00"},"s":"I",  "c":"-",        "id":4939300, "ctx":"monitoring-keys-for-HMAC","msg":"Failed to refresh key cache","attr":{"error":"ReadConcernMajorityNotAvailableYet: Read concern majority reads are currently not possible.","nextWakeupMillis":800}}
{"t":{"$date":"2023-03-20T00:40:35.873+00:00"},"s":"I",  "c":"-",        "id":4939300, "ctx":"monitoring-keys-for-HMAC","msg":"Failed to refresh key cache","attr":{"error":"ReadConcernMajorityNotAvailableYet: Read concern majority reads are currently not possible.","nextWakeupMillis":1000}}
{"t":{"$date":"2023-03-20T00:40:36.884+00:00"},"s":"I",  "c":"-",        "id":4939300, "ctx":"monitoring-keys-for-HMAC","msg":"Failed to refresh key cache","attr":{"error":"ReadConcernMajorityNotAvailableYet: Read concern majority reads are currently not possible.","nextWakeupMillis":1200}}
{"t":{"$date":"2023-03-20T00:40:38.102+00:00"},"s":"I",  "c":"-",        "id":4939300, "ctx":"monitoring-keys-for-HMAC","msg":"Failed to refresh key cache","attr":{"error":"ReadConcernMajorityNotAvailableYet: Read concern majority reads are currently not possible.","nextWakeupMillis":1400}}
{"t":{"$date":"2023-03-20T00:40:39.508+00:00"},"s":"I",  "c":"-",        "id":4939300, "ctx":"monitoring-keys-for-HMAC","msg":"Failed to refresh key cache","attr":{"error":"ReadConcernMajorityNotAvailableYet: Read concern majority reads are currently not possible.","nextWakeupMillis":1600}}
{"t":{"$date":"2023-03-20T00:40:41.111+00:00"},"s":"I",  "c":"-",        "id":4939300, "ctx":"monitoring-keys-for-HMAC","msg":"Failed to refresh key cache","attr":{"error":"ReadConcernMajorityNotAvailableYet: Read concern majority reads are currently not possible.","nextWakeupMillis":1800}}
{"t":{"$date":"2023-03-20T00:40:42.921+00:00"},"s":"I",  "c":"-",        "id":4939300, "ctx":"monitoring-keys-for-HMAC","msg":"Failed to refresh key cache","attr":{"error":"ReadConcernMajorityNotAvailableYet: Read concern majority reads are currently not possible.","nextWakeupMillis":2000}}
{"t":{"$date":"2023-03-20T00:40:44.640+00:00"},"s":"I",  "c":"ELECTION", "id":23980,   "ctx":"conn8","msg":"Responding to vote request","attr":{"request":"{ replSetRequestVotes: 1, setName: \"Sensores\", dryRun: true, term: 45, candidateIndex: 1, configVersion: 5, configTerm: 45, lastAppliedOpTime: { ts: Timestamp(1679271267, 1), t: 45 } }","response":"{ term: 45, voteGranted: true, reason: \"\" }","replicaSetStatus":"Current replSetGetStatus output: { set: \"Sensores\", date: new Date(1679272844639), myState: 2, term: 45, syncSourceHost: \"\", syncSourceId: -1, heartbeatIntervalMillis: 2000, majorityVoteCount: 2, writeMajorityCount: 2, votingMembersCount: 3, writableVotingMembersCount: 3, optimes: { lastCommittedOpTime: { ts: Timestamp(0, 0), t: -1 }, lastCommittedWallTime: new Date(0), appliedOpTime: { ts: Timestamp(1679271267, 1), t: 45 }, durableOpTime: { ts: Timestamp(1679271267, 1), t: 45 }, lastAppliedWallTime: new Date(1679271267485), lastDurableWallTime: new Date(1679271267485) }, members: [ { _id: 0, name: \"localhost:27015\", health: 1.0, state: 2, stateStr: \"SECONDARY\", uptime: 0, optime: { ts: Timestamp(1679271267, 1), t: 45 }, optimeDate: new Date(1679271267000), lastAppliedWallTime: new Date(1679271267485), lastDurableWallTime: new Date(1679271267485), syncSourceHost: \"\", syncSourceId: -1, infoMessage: \"\", configVersion: 5, configTerm: 45, self: true, lastHeartbeatMessage: \"\" }, { _id: 1, name: \"localhost:25015\", health: 1.0, state: 2, stateStr: \"SECONDARY\", uptime: 10, optime: { ts: Timestamp(1679271267, 1), t: 45 }, optimeDurable: { ts: Timestamp(1679271267, 1), t: 45 }, optimeDate: new Date(1679271267000), optimeDurableDate: new Date(1679271267000), lastAppliedWallTime: new Date(1679271267485), lastDurableWallTime: new Date(1679271267485), lastHeartbeat: new Date(1679272844280), lastHeartbeatRecv: new Date(1679272844280), pingMs: 0, lastHeartbeatMessage: \"\", syncSourceHost: \"\", syncSourceId: -1, infoMessage: \"\", configVersion: 5, configTerm: 45 }, { _id: 2, name: \"localhost:23015\", health: 1.0, state: 2, stateStr: \"SECONDARY\", uptime: 10, optime: { ts: Timestamp(1679271267, 1), t: 45 }, optimeDurable: { ts: Timestamp(1679271267, 1), t: 45 }, optimeDate: new Date(1679271267000), optimeDurableDate: new Date(1679271267000), lastAppliedWallTime: new Date(1679271267485), lastDurableWallTime: new Date(1679271267485), lastHeartbeat: new Date(1679272844280), lastHeartbeatRecv: new Date(1679272844280), pingMs: 0, lastHeartbeatMessage: \"\", syncSourceHost: \"\", syncSourceId: -1, infoMessage: \"\", configVersion: 5, configTerm: 45 } ] }"}}
{"t":{"$date":"2023-03-20T00:40:44.647+00:00"},"s":"I",  "c":"ELECTION", "id":23980,   "ctx":"conn8","msg":"Responding to vote request","attr":{"request":"{ replSetRequestVotes: 1, setName: \"Sensores\", dryRun: false, term: 46, candidateIndex: 1, configVersion: 5, configTerm: 45, lastAppliedOpTime: { ts: Timestamp(1679271267, 1), t: 45 } }","response":"{ term: 46, voteGranted: true, reason: \"\" }","replicaSetStatus":"Current replSetGetStatus output: { set: \"Sensores\", date: new Date(1679272844647), myState: 2, term: 46, syncSourceHost: \"\", syncSourceId: -1, heartbeatIntervalMillis: 2000, majorityVoteCount: 2, writeMajorityCount: 2, votingMembersCount: 3, writableVotingMembersCount: 3, optimes: { lastCommittedOpTime: { ts: Timestamp(0, 0), t: -1 }, lastCommittedWallTime: new Date(0), appliedOpTime: { ts: Timestamp(1679271267, 1), t: 45 }, durableOpTime: { ts: Timestamp(1679271267, 1), t: 45 }, lastAppliedWallTime: new Date(1679271267485), lastDurableWallTime: new Date(1679271267485) }, members: [ { _id: 0, name: \"localhost:27015\", health: 1.0, state: 2, stateStr: \"SECONDARY\", uptime: 0, optime: { ts: Timestamp(1679271267, 1), t: 45 }, optimeDate: new Date(1679271267000), lastAppliedWallTime: new Date(1679271267485), lastDurableWallTime: new Date(1679271267485), syncSourceHost: \"\", syncSourceId: -1, infoMessage: \"\", configVersion: 5, configTerm: 45, self: true, lastHeartbeatMessage: \"\" }, { _id: 1, name: \"localhost:25015\", health: 1.0, state: 2, stateStr: \"SECONDARY\", uptime: 10, optime: { ts: Timestamp(1679271267, 1), t: 45 }, optimeDurable: { ts: Timestamp(1679271267, 1), t: 45 }, optimeDate: new Date(1679271267000), optimeDurableDate: new Date(1679271267000), lastAppliedWallTime: new Date(1679271267485), lastDurableWallTime: new Date(1679271267485), lastHeartbeat: new Date(1679272844280), lastHeartbeatRecv: new Date(1679272844280), pingMs: 0, lastHeartbeatMessage: \"\", syncSourceHost: \"\", syncSourceId: -1, infoMessage: \"\", configVersion: 5, configTerm: 45 }, { _id: 2, name: \"localhost:23015\", health: 1.0, state: 2, stateStr: \"SECONDARY\", uptime: 10, optime: { ts: Timestamp(1679271267, 1), t: 45 }, optimeDurable: { ts: Timestamp(1679271267, 1), t: 45 }, optimeDate: new Date(1679271267000), optimeDurableDate: new Date(1679271267000), lastAppliedWallTime: new Date(1679271267485), lastDurableWallTime: new Date(1679271267485), lastHeartbeat: new Date(1679272844280), lastHeartbeatRecv: new Date(1679272844280), pingMs: 0, lastHeartbeatMessage: \"\", syncSourceHost: \"\", syncSourceId: -1, infoMessage: \"\", configVersion: 5, configTerm: 45 } ] }"}}
{"t":{"$date":"2023-03-20T00:40:44.650+00:00"},"s":"I",  "c":"REPL",     "id":2903000, "ctx":"conn8","msg":"Restarting heartbeats after learning of a new primary","attr":{"myPrimaryId":"none","senderAndPrimaryId":1,"senderTerm":46}}
{"t":{"$date":"2023-03-20T00:40:44.652+00:00"},"s":"I",  "c":"REPL",     "id":21215,   "ctx":"ReplCoord-3","msg":"Member is in new state","attr":{"hostAndPort":"localhost:25015","newState":"PRIMARY"}}
{"t":{"$date":"2023-03-20T00:40:44.659+00:00"},"s":"I",  "c":"REPL",     "id":21401,   "ctx":"conn8","msg":"Scheduling heartbeat to fetch a newer config","attr":{"configTerm":46,"configVersion":5,"senderHost":"localhost:25015"}}
{"t":{"$date":"2023-03-20T00:40:44.660+00:00"},"s":"I",  "c":"REPL",     "id":6015317, "ctx":"ReplCoord-1","msg":"Setting new configuration state","attr":{"newState":"ConfigHBReconfiguring","oldState":"ConfigSteady"}}
{"t":{"$date":"2023-03-20T00:40:44.662+00:00"},"s":"I",  "c":"REPL",     "id":6015317, "ctx":"ReplCoord-3","msg":"Setting new configuration state","attr":{"newState":"ConfigSteady","oldState":"ConfigHBReconfiguring"}}
{"t":{"$date":"2023-03-20T00:40:44.663+00:00"},"s":"I",  "c":"REPL",     "id":21392,   "ctx":"ReplCoord-3","msg":"New replica set config in use","attr":{"config":{"_id":"Sensores","version":5,"term":46,"members":[{"_id":0,"host":"localhost:27015","arbiterOnly":false,"buildIndexes":true,"hidden":false,"priority":1,"tags":{},"secondaryDelaySecs":0,"votes":1},{"_id":1,"host":"localhost:25015","arbiterOnly":false,"buildIndexes":true,"hidden":false,"priority":1,"tags":{},"secondaryDelaySecs":0,"votes":1},{"_id":2,"host":"localhost:23015","arbiterOnly":false,"buildIndexes":true,"hidden":false,"priority":1,"tags":{},"secondaryDelaySecs":0,"votes":1}],"protocolVersion":1,"writeConcernMajorityJournalDefault":true,"settings":{"chainingAllowed":true,"heartbeatIntervalMillis":2000,"heartbeatTimeoutSecs":10,"electionTimeoutMillis":10000,"catchUpTimeoutMillis":-1,"catchUpTakeoverDelayMillis":30000,"getLastErrorModes":{},"getLastErrorDefaults":{"w":1,"wtimeout":0},"replicaSetId":{"$oid":"63fde22e71b734aea068b454"}}}}}
{"t":{"$date":"2023-03-20T00:40:44.663+00:00"},"s":"I",  "c":"REPL",     "id":21393,   "ctx":"ReplCoord-3","msg":"Found self in config","attr":{"hostAndPort":"localhost:27015"}}
{"t":{"$date":"2023-03-20T00:40:44.932+00:00"},"s":"I",  "c":"-",        "id":4939300, "ctx":"monitoring-keys-for-HMAC","msg":"Failed to refresh key cache","attr":{"error":"ReadConcernMajorityNotAvailableYet: Read concern majority reads are currently not possible.","nextWakeupMillis":2200}}
{"t":{"$date":"2023-03-20T00:40:45.197+00:00"},"s":"I",  "c":"REPL",     "id":21799,   "ctx":"BackgroundSync","msg":"Sync source candidate chosen","attr":{"syncSource":"localhost:25015"}}
{"t":{"$date":"2023-03-20T00:40:45.201+00:00"},"s":"I",  "c":"CONNPOOL", "id":22576,   "ctx":"ReplCoordExternNetwork","msg":"Connecting","attr":{"hostAndPort":"localhost:25015"}}
{"t":{"$date":"2023-03-20T00:40:45.210+00:00"},"s":"I",  "c":"REPL",     "id":21088,   "ctx":"BackgroundSync","msg":"Changed sync source","attr":{"oldSyncSource":"empty","newSyncSource":"localhost:25015"}}
{"t":{"$date":"2023-03-20T00:40:45.222+00:00"},"s":"I",  "c":"NETWORK",  "id":22943,   "ctx":"listener","msg":"Connection accepted","attr":{"remote":"127.0.0.1:51050","uuid":"3e254adc-6124-4571-ba7e-3a35fed11869","connectionId":11,"connectionCount":3}}
{"t":{"$date":"2023-03-20T00:40:45.223+00:00"},"s":"I",  "c":"NETWORK",  "id":51800,   "ctx":"conn11","msg":"client metadata","attr":{"remote":"127.0.0.1:51050","client":"conn11","doc":{"driver":{"name":"NetworkInterfaceTL-MirrorMaestro","version":"6.0.4"},"os":{"type":"Windows","name":"Microsoft Windows 10","architecture":"x86_64","version":"10.0 (build 22621)"}}}}
{"t":{"$date":"2023-03-20T00:40:48.553+00:00"},"s":"I",  "c":"NETWORK",  "id":22943,   "ctx":"listener","msg":"Connection accepted","attr":{"remote":"127.0.0.1:51053","uuid":"ca388137-7e3e-4a95-9a2c-e1c0bd214b82","connectionId":12,"connectionCount":4}}
{"t":{"$date":"2023-03-20T00:40:48.560+00:00"},"s":"I",  "c":"NETWORK",  "id":51800,   "ctx":"conn12","msg":"client metadata","attr":{"remote":"127.0.0.1:51053","client":"conn12","doc":{"driver":{"name":"nodejs","version":"4.13.0"},"os":{"type":"Windows_NT","name":"win32","architecture":"x64","version":"10.0.22621"},"platform":"Node.js v16.14.2, LE (unified)|Node.js v16.14.2, LE (unified)","application":{"name":"mongodb-vscode 0.10.0"}}}}
{"t":{"$date":"2023-03-20T00:40:49.920+00:00"},"s":"I",  "c":"NETWORK",  "id":22943,   "ctx":"listener","msg":"Connection accepted","attr":{"remote":"127.0.0.1:51060","uuid":"2cea63df-0d14-439c-a992-ad220cb93803","connectionId":13,"connectionCount":5}}
{"t":{"$date":"2023-03-20T00:40:49.933+00:00"},"s":"I",  "c":"NETWORK",  "id":51800,   "ctx":"conn13","msg":"client metadata","attr":{"remote":"127.0.0.1:51060","client":"conn13","doc":{"driver":{"name":"nodejs","version":"4.13.0"},"os":{"type":"Windows_NT","name":"win32","architecture":"x64","version":"10.0.22621"},"platform":"Node.js v16.14.2, LE (unified)|Node.js v16.14.2, LE (unified)","application":{"name":"mongodb-vscode 0.10.0"}}}}
{"t":{"$date":"2023-03-20T00:40:49.988+00:00"},"s":"I",  "c":"NETWORK",  "id":22944,   "ctx":"conn13","msg":"Connection ended","attr":{"remote":"127.0.0.1:51060","uuid":"2cea63df-0d14-439c-a992-ad220cb93803","connectionId":13,"connectionCount":4}}
{"t":{"$date":"2023-03-20T00:40:59.085+00:00"},"s":"I",  "c":"NETWORK",  "id":22943,   "ctx":"listener","msg":"Connection accepted","attr":{"remote":"127.0.0.1:51068","uuid":"20b0827d-230e-47bd-b29b-c44b2a97a56b","connectionId":14,"connectionCount":5}}
{"t":{"$date":"2023-03-20T00:40:59.088+00:00"},"s":"I",  "c":"NETWORK",  "id":51800,   "ctx":"conn14","msg":"client metadata","attr":{"remote":"127.0.0.1:51068","client":"conn14","doc":{"driver":{"name":"nodejs","version":"4.13.0"},"os":{"type":"Windows_NT","name":"win32","architecture":"x64","version":"10.0.22621"},"platform":"Node.js v16.14.2, LE (unified)|Node.js v16.14.2, LE (unified)","application":{"name":"mongodb-vscode 0.10.0"}}}}
{"t":{"$date":"2023-03-20T00:41:58.155+00:00"},"s":"I",  "c":"NETWORK",  "id":22943,   "ctx":"listener","msg":"Connection accepted","attr":{"remote":"127.0.0.1:51105","uuid":"029b4107-0dfb-4360-aae9-a5c3d59bdd6d","connectionId":15,"connectionCount":6}}
{"t":{"$date":"2023-03-20T00:41:58.192+00:00"},"s":"I",  "c":"NETWORK",  "id":51800,   "ctx":"conn15","msg":"client metadata","attr":{"remote":"127.0.0.1:51105","client":"conn15","doc":{"driver":{"name":"mongo-java-driver|legacy","version":"3.12.12"},"os":{"type":"Windows","name":"Windows 10","architecture":"amd64","version":"10.0"},"platform":"Java/Oracle Corporation/1.8.0_291-b10"}}}
{"t":{"$date":"2023-03-20T00:42:21.752+00:00"},"s":"I",  "c":"NETWORK",  "id":22944,   "ctx":"conn15","msg":"Connection ended","attr":{"remote":"127.0.0.1:51105","uuid":"029b4107-0dfb-4360-aae9-a5c3d59bdd6d","connectionId":15,"connectionCount":5}}
{"t":{"$date":"2023-03-20T00:42:30.734+00:00"},"s":"I",  "c":"NETWORK",  "id":22943,   "ctx":"listener","msg":"Connection accepted","attr":{"remote":"127.0.0.1:51128","uuid":"acdb37b5-a9e8-469c-973c-5dc0ae27bb11","connectionId":16,"connectionCount":6}}
{"t":{"$date":"2023-03-20T00:42:30.743+00:00"},"s":"I",  "c":"NETWORK",  "id":51800,   "ctx":"conn16","msg":"client metadata","attr":{"remote":"127.0.0.1:51128","client":"conn16","doc":{"driver":{"name":"nodejs","version":"4.13.0"},"os":{"type":"Windows_NT","name":"win32","architecture":"x64","version":"10.0.22621"},"platform":"Node.js v16.14.2, LE (unified)|Node.js v16.14.2, LE (unified)","application":{"name":"mongodb-vscode 0.10.0"}}}}
{"t":{"$date":"2023-03-20T00:42:31.133+00:00"},"s":"I",  "c":"NETWORK",  "id":22944,   "ctx":"conn16","msg":"Connection ended","attr":{"remote":"127.0.0.1:51128","uuid":"acdb37b5-a9e8-469c-973c-5dc0ae27bb11","connectionId":16,"connectionCount":5}}
{"t":{"$date":"2023-03-20T00:45:33.963+00:00"},"s":"I",  "c":"NETWORK",  "id":4603701, "ctx":"LogicalSessionCacheRefresh","msg":"Starting Replica Set Monitor","attr":{"protocol":"streamable","uri":"Sensores/localhost:23015,localhost:25015,localhost:27015"}}
{"t":{"$date":"2023-03-20T00:45:33.968+00:00"},"s":"I",  "c":"-",        "id":4333223, "ctx":"LogicalSessionCacheRefresh","msg":"RSM now monitoring replica set","attr":{"replicaSet":"Sensores","nReplicaSetMembers":3}}
{"t":{"$date":"2023-03-20T00:45:33.968+00:00"},"s":"I",  "c":"-",        "id":4333226, "ctx":"LogicalSessionCacheRefresh","msg":"RSM host was added to the topology","attr":{"replicaSet":"Sensores","host":"localhost:23015"}}
{"t":{"$date":"2023-03-20T00:45:33.969+00:00"},"s":"I",  "c":"-",        "id":4333226, "ctx":"LogicalSessionCacheRefresh","msg":"RSM host was added to the topology","attr":{"replicaSet":"Sensores","host":"localhost:25015"}}
{"t":{"$date":"2023-03-20T00:45:33.969+00:00"},"s":"I",  "c":"-",        "id":4333226, "ctx":"LogicalSessionCacheRefresh","msg":"RSM host was added to the topology","attr":{"replicaSet":"Sensores","host":"localhost:27015"}}
{"t":{"$date":"2023-03-20T00:45:33.970+00:00"},"s":"I",  "c":"-",        "id":4333218, "ctx":"LogicalSessionCacheRefresh","msg":"Rescheduling the next replica set monitoring request","attr":{"replicaSet":"Sensores","host":"localhost:27015","delayMillis":0}}
{"t":{"$date":"2023-03-20T00:45:33.970+00:00"},"s":"I",  "c":"CONNPOOL", "id":22576,   "ctx":"ReplicaSetMonitor-TaskExecutor","msg":"Connecting","attr":{"hostAndPort":"localhost:23015"}}
{"t":{"$date":"2023-03-20T00:45:33.971+00:00"},"s":"I",  "c":"CONNPOOL", "id":22576,   "ctx":"ReplicaSetMonitor-TaskExecutor","msg":"Connecting","attr":{"hostAndPort":"localhost:25015"}}
{"t":{"$date":"2023-03-20T00:45:33.971+00:00"},"s":"I",  "c":"CONNPOOL", "id":22576,   "ctx":"ReplicaSetMonitor-TaskExecutor","msg":"Connecting","attr":{"hostAndPort":"localhost:27015"}}
{"t":{"$date":"2023-03-20T00:45:33.976+00:00"},"s":"I",  "c":"NETWORK",  "id":22943,   "ctx":"listener","msg":"Connection accepted","attr":{"remote":"127.0.0.1:51203","uuid":"da51082a-e459-4c1d-811a-26da8ebc460f","connectionId":18,"connectionCount":6}}
{"t":{"$date":"2023-03-20T00:45:33.977+00:00"},"s":"I",  "c":"NETWORK",  "id":51800,   "ctx":"conn18","msg":"client metadata","attr":{"remote":"127.0.0.1:51203","client":"conn18","doc":{"driver":{"name":"NetworkInterfaceTL-ReplicaSetMonitor-TaskExecutor","version":"6.0.4"},"os":{"type":"Windows","name":"Microsoft Windows 10","architecture":"x86_64","version":"10.0 (build 22621)"}}}}
{"t":{"$date":"2023-03-20T00:45:33.980+00:00"},"s":"I",  "c":"NETWORK",  "id":23729,   "ctx":"ReplicaSetMonitor-TaskExecutor","msg":"ServerPingMonitor is now monitoring host","attr":{"host":"localhost:23015","replicaSet":"Sensores"}}
{"t":{"$date":"2023-03-20T00:45:33.980+00:00"},"s":"I",  "c":"NETWORK",  "id":4333213, "ctx":"ReplicaSetMonitor-TaskExecutor","msg":"RSM Topology Change","attr":{"replicaSet":"Sensores","newTopologyDescription":{"id":"0f406b73-419c-41c5-910c-b592a42b0929","topologyType":"ReplicaSetNoPrimary","servers":{"localhost:23015":{"address":"localhost:23015","topologyVersion":{"processId":{"$oid":"6417ab7ee423646be1dcb1fb"},"counter":4},"roundTripTime":2280,"lastWriteDate":{"$date":"2023-03-20T00:45:24.000Z"},"opTime":{"ts":{"$timestamp":{"t":1679273124,"i":1}},"t":46},"type":"RSSecondary","minWireVersion":17,"maxWireVersion":17,"me":"localhost:23015","setName":"Sensores","setVersion":5,"primary":"localhost:25015","lastUpdateTime":{"$date":"2023-03-20T00:45:33.978Z"},"logicalSessionTimeoutMinutes":30,"hosts":{"0":"localhost:23015","1":"localhost:25015","2":"localhost:27015"},"arbiters":{},"passives":{}},"localhost:25015":{"address":"localhost:25015","type":"Unknown","minWireVersion":0,"maxWireVersion":0,"lastUpdateTime":{"$date":{"$numberLong":"-9223372036854775808"}},"hosts":{},"arbiters":{},"passives":{}},"localhost:27015":{"address":"localhost:27015","type":"Unknown","minWireVersion":0,"maxWireVersion":0,"lastUpdateTime":{"$date":{"$numberLong":"-9223372036854775808"}},"hosts":{},"arbiters":{},"passives":{}}},"logicalSessionTimeoutMinutes":30,"setName":"Sensores","compatible":true},"previousTopologyDescription":{"id":"89d57ff7-0017-4e66-be14-4cb5660ee3c4","topologyType":"ReplicaSetNoPrimary","servers":{"localhost:23015":{"address":"localhost:23015","type":"Unknown","minWireVersion":0,"maxWireVersion":0,"lastUpdateTime":{"$date":{"$numberLong":"-9223372036854775808"}},"hosts":{},"arbiters":{},"passives":{}},"localhost:25015":{"address":"localhost:25015","type":"Unknown","minWireVersion":0,"maxWireVersion":0,"lastUpdateTime":{"$date":{"$numberLong":"-9223372036854775808"}},"hosts":{},"arbiters":{},"passives":{}},"localhost:27015":{"address":"localhost:27015","type":"Unknown","minWireVersion":0,"maxWireVersion":0,"lastUpdateTime":{"$date":{"$numberLong":"-9223372036854775808"}},"hosts":{},"arbiters":{},"passives":{}}},"setName":"Sensores","compatible":true}}}
{"t":{"$date":"2023-03-20T00:45:33.983+00:00"},"s":"I",  "c":"NETWORK",  "id":22943,   "ctx":"listener","msg":"Connection accepted","attr":{"remote":"127.0.0.1:51206","uuid":"4df123ce-b70b-48d9-a061-abf32151a3b5","connectionId":20,"connectionCount":7}}
{"t":{"$date":"2023-03-20T00:45:33.983+00:00"},"s":"I",  "c":"NETWORK",  "id":22943,   "ctx":"listener","msg":"Connection accepted","attr":{"remote":"127.0.0.1:51207","uuid":"ae3be89c-8de0-4a02-ab8b-b484f037eadc","connectionId":21,"connectionCount":8}}
{"t":{"$date":"2023-03-20T00:45:33.986+00:00"},"s":"I",  "c":"NETWORK",  "id":23729,   "ctx":"ReplicaSetMonitor-TaskExecutor","msg":"ServerPingMonitor is now monitoring host","attr":{"host":"localhost:25015","replicaSet":"Sensores"}}
{"t":{"$date":"2023-03-20T00:45:33.986+00:00"},"s":"I",  "c":"NETWORK",  "id":4333213, "ctx":"ReplicaSetMonitor-TaskExecutor","msg":"RSM Topology Change","attr":{"replicaSet":"Sensores","newTopologyDescription":{"id":"28aa7dc9-4d45-4be4-9b43-079b817e20b5","topologyType":"ReplicaSetWithPrimary","servers":{"localhost:23015":{"address":"localhost:23015","topologyVersion":{"processId":{"$oid":"6417ab7ee423646be1dcb1fb"},"counter":4},"roundTripTime":2280,"lastWriteDate":{"$date":"2023-03-20T00:45:24.000Z"},"opTime":{"ts":{"$timestamp":{"t":1679273124,"i":1}},"t":46},"type":"RSSecondary","minWireVersion":17,"maxWireVersion":17,"me":"localhost:23015","setName":"Sensores","setVersion":5,"primary":"localhost:25015","lastUpdateTime":{"$date":"2023-03-20T00:45:33.978Z"},"logicalSessionTimeoutMinutes":30,"hosts":{"0":"localhost:23015","1":"localhost:25015","2":"localhost:27015"},"arbiters":{},"passives":{}},"localhost:25015":{"address":"localhost:25015","topologyVersion":{"processId":{"$oid":"6417ab79fe5c2a64ca76d07f"},"counter":6},"roundTripTime":79,"lastWriteDate":{"$date":"2023-03-20T00:45:33.000Z"},"opTime":{"ts":{"$timestamp":{"t":1679273133,"i":4}},"t":46},"type":"RSPrimary","minWireVersion":17,"maxWireVersion":17,"me":"localhost:25015","setName":"Sensores","setVersion":5,"electionId":{"$oid":"7fffffff000000000000002e"},"primary":"localhost:25015","lastUpdateTime":{"$date":"2023-03-20T00:45:33.986Z"},"logicalSessionTimeoutMinutes":30,"hosts":{"0":"localhost:23015","1":"localhost:25015","2":"localhost:27015"},"arbiters":{},"passives":{}},"localhost:27015":{"address":"localhost:27015","type":"Unknown","minWireVersion":0,"maxWireVersion":0,"lastUpdateTime":{"$date":{"$numberLong":"-9223372036854775808"}},"hosts":{},"arbiters":{},"passives":{}}},"logicalSessionTimeoutMinutes":30,"setName":"Sensores","compatible":true,"maxElectionIdSetVersion":{"electionId":{"$oid":"7fffffff000000000000002e"},"setVersion":5}},"previousTopologyDescription":{"id":"0f406b73-419c-41c5-910c-b592a42b0929","topologyType":"ReplicaSetNoPrimary","servers":{"localhost:23015":{"address":"localhost:23015","topologyVersion":{"processId":{"$oid":"6417ab7ee423646be1dcb1fb"},"counter":4},"roundTripTime":2280,"lastWriteDate":{"$date":"2023-03-20T00:45:24.000Z"},"opTime":{"ts":{"$timestamp":{"t":1679273124,"i":1}},"t":46},"type":"RSSecondary","minWireVersion":17,"maxWireVersion":17,"me":"localhost:23015","setName":"Sensores","setVersion":5,"primary":"localhost:25015","lastUpdateTime":{"$date":"2023-03-20T00:45:33.978Z"},"logicalSessionTimeoutMinutes":30,"hosts":{"0":"localhost:23015","1":"localhost:25015","2":"localhost:27015"},"arbiters":{},"passives":{}},"localhost:25015":{"address":"localhost:25015","type":"Unknown","minWireVersion":0,"maxWireVersion":0,"lastUpdateTime":{"$date":{"$numberLong":"-9223372036854775808"}},"hosts":{},"arbiters":{},"passives":{}},"localhost:27015":{"address":"localhost:27015","type":"Unknown","minWireVersion":0,"maxWireVersion":0,"lastUpdateTime":{"$date":{"$numberLong":"-9223372036854775808"}},"hosts":{},"arbiters":{},"passives":{}}},"logicalSessionTimeoutMinutes":30,"setName":"Sensores","compatible":true}}}
{"t":{"$date":"2023-03-20T00:45:33.987+00:00"},"s":"I",  "c":"NETWORK",  "id":6006301, "ctx":"ReplicaSetMonitor-TaskExecutor","msg":"Replica set primary server change detected","attr":{"replicaSet":"Sensores","topologyType":"ReplicaSetWithPrimary","primary":"localhost:25015","durationMillis":23}}
{"t":{"$date":"2023-03-20T00:45:33.991+00:00"},"s":"I",  "c":"NETWORK",  "id":51800,   "ctx":"conn20","msg":"client metadata","attr":{"remote":"127.0.0.1:51206","client":"conn20","doc":{"driver":{"name":"NetworkInterfaceTL-ReplicaSetMonitor-TaskExecutor","version":"6.0.4"},"os":{"type":"Windows","name":"Microsoft Windows 10","architecture":"x86_64","version":"10.0 (build 22621)"}}}}
{"t":{"$date":"2023-03-20T00:45:33.991+00:00"},"s":"I",  "c":"NETWORK",  "id":51800,   "ctx":"conn21","msg":"client metadata","attr":{"remote":"127.0.0.1:51207","client":"conn21","doc":{"driver":{"name":"NetworkInterfaceTL-ReplicaSetMonitor-TaskExecutor","version":"6.0.4"},"os":{"type":"Windows","name":"Microsoft Windows 10","architecture":"x86_64","version":"10.0 (build 22621)"}}}}
{"t":{"$date":"2023-03-20T00:45:33.992+00:00"},"s":"I",  "c":"NETWORK",  "id":22943,   "ctx":"listener","msg":"Connection accepted","attr":{"remote":"127.0.0.1:51212","uuid":"c2e05ceb-0a98-4cd7-8b86-01691dc12331","connectionId":26,"connectionCount":9}}
{"t":{"$date":"2023-03-20T00:45:33.993+00:00"},"s":"I",  "c":"NETWORK",  "id":23729,   "ctx":"ReplicaSetMonitor-TaskExecutor","msg":"ServerPingMonitor is now monitoring host","attr":{"host":"localhost:27015","replicaSet":"Sensores"}}
{"t":{"$date":"2023-03-20T00:45:33.993+00:00"},"s":"I",  "c":"NETWORK",  "id":4333213, "ctx":"ReplicaSetMonitor-TaskExecutor","msg":"RSM Topology Change","attr":{"replicaSet":"Sensores","newTopologyDescription":{"id":"365b709a-29d1-4608-af9d-649b61667f68","topologyType":"ReplicaSetWithPrimary","servers":{"localhost:23015":{"address":"localhost:23015","topologyVersion":{"processId":{"$oid":"6417ab7ee423646be1dcb1fb"},"counter":4},"roundTripTime":2280,"lastWriteDate":{"$date":"2023-03-20T00:45:24.000Z"},"opTime":{"ts":{"$timestamp":{"t":1679273124,"i":1}},"t":46},"type":"RSSecondary","minWireVersion":17,"maxWireVersion":17,"me":"localhost:23015","setName":"Sensores","setVersion":5,"primary":"localhost:25015","lastUpdateTime":{"$date":"2023-03-20T00:45:33.978Z"},"logicalSessionTimeoutMinutes":30,"hosts":{"0":"localhost:23015","1":"localhost:25015","2":"localhost:27015"},"arbiters":{},"passives":{}},"localhost:25015":{"address":"localhost:25015","topologyVersion":{"processId":{"$oid":"6417ab79fe5c2a64ca76d07f"},"counter":6},"roundTripTime":79,"lastWriteDate":{"$date":"2023-03-20T00:45:33.000Z"},"opTime":{"ts":{"$timestamp":{"t":1679273133,"i":4}},"t":46},"type":"RSPrimary","minWireVersion":17,"maxWireVersion":17,"me":"localhost:25015","setName":"Sensores","setVersion":5,"electionId":{"$oid":"7fffffff000000000000002e"},"primary":"localhost:25015","lastUpdateTime":{"$date":"2023-03-20T00:45:33.986Z"},"logicalSessionTimeoutMinutes":30,"hosts":{"0":"localhost:23015","1":"localhost:25015","2":"localhost:27015"},"arbiters":{},"passives":{}},"localhost:27015":{"address":"localhost:27015","topologyVersion":{"processId":{"$oid":"6417ab791a9ec9255fbe2ecf"},"counter":4},"roundTripTime":2208,"lastWriteDate":{"$date":"2023-03-20T00:45:24.000Z"},"opTime":{"ts":{"$timestamp":{"t":1679273124,"i":1}},"t":46},"type":"RSSecondary","minWireVersion":17,"maxWireVersion":17,"me":"localhost:27015","setName":"Sensores","setVersion":5,"primary":"localhost:25015","lastUpdateTime":{"$date":"2023-03-20T00:45:33.993Z"},"logicalSessionTimeoutMinutes":30,"hosts":{"0":"localhost:23015","1":"localhost:25015","2":"localhost:27015"},"arbiters":{},"passives":{}}},"logicalSessionTimeoutMinutes":30,"setName":"Sensores","compatible":true,"maxElectionIdSetVersion":{"electionId":{"$oid":"7fffffff000000000000002e"},"setVersion":5}},"previousTopologyDescription":{"id":"28aa7dc9-4d45-4be4-9b43-079b817e20b5","topologyType":"ReplicaSetWithPrimary","servers":{"localhost:23015":{"address":"localhost:23015","topologyVersion":{"processId":{"$oid":"6417ab7ee423646be1dcb1fb"},"counter":4},"roundTripTime":2280,"lastWriteDate":{"$date":"2023-03-20T00:45:24.000Z"},"opTime":{"ts":{"$timestamp":{"t":1679273124,"i":1}},"t":46},"type":"RSSecondary","minWireVersion":17,"maxWireVersion":17,"me":"localhost:23015","setName":"Sensores","setVersion":5,"primary":"localhost:25015","lastUpdateTime":{"$date":"2023-03-20T00:45:33.978Z"},"logicalSessionTimeoutMinutes":30,"hosts":{"0":"localhost:23015","1":"localhost:25015","2":"localhost:27015"},"arbiters":{},"passives":{}},"localhost:25015":{"address":"localhost:25015","topologyVersion":{"processId":{"$oid":"6417ab79fe5c2a64ca76d07f"},"counter":6},"roundTripTime":79,"lastWriteDate":{"$date":"2023-03-20T00:45:33.000Z"},"opTime":{"ts":{"$timestamp":{"t":1679273133,"i":4}},"t":46},"type":"RSPrimary","minWireVersion":17,"maxWireVersion":17,"me":"localhost:25015","setName":"Sensores","setVersion":5,"electionId":{"$oid":"7fffffff000000000000002e"},"primary":"localhost:25015","lastUpdateTime":{"$date":"2023-03-20T00:45:33.986Z"},"logicalSessionTimeoutMinutes":30,"hosts":{"0":"localhost:23015","1":"localhost:25015","2":"localhost:27015"},"arbiters":{},"passives":{}},"localhost:27015":{"address":"localhost:27015","type":"Unknown","minWireVersion":0,"maxWireVersion":0,"lastUpdateTime":{"$date":{"$numberLong":"-9223372036854775808"}},"hosts":{},"arbiters":{},"passives":{}}},"logicalSessionTimeoutMinutes":30,"setName":"Sensores","compatible":true,"maxElectionIdSetVersion":{"electionId":{"$oid":"7fffffff000000000000002e"},"setVersion":5}}}}
{"t":{"$date":"2023-03-20T00:45:33.996+00:00"},"s":"I",  "c":"NETWORK",  "id":20113,   "ctx":"LogicalSessionCacheReap","msg":"Successfully connected to host","attr":{"connString":"localhost:25015","numOpenConns":1,"socketTimeoutSecs":0}}
{"t":{"$date":"2023-03-20T00:45:33.997+00:00"},"s":"I",  "c":"NETWORK",  "id":20113,   "ctx":"LogicalSessionCacheRefresh","msg":"Successfully connected to host","attr":{"connString":"localhost:25015","numOpenConns":2,"socketTimeoutSecs":0}}
{"t":{"$date":"2023-03-20T00:45:33.997+00:00"},"s":"I",  "c":"NETWORK",  "id":51800,   "ctx":"conn26","msg":"client metadata","attr":{"remote":"127.0.0.1:51212","client":"conn26","doc":{"driver":{"name":"NetworkInterfaceTL-ReplicaSetMonitor-TaskExecutor","version":"6.0.4"},"os":{"type":"Windows","name":"Microsoft Windows 10","architecture":"x86_64","version":"10.0 (build 22621)"}}}}
{"t":{"$date":"2023-03-20T00:45:34.000+00:00"},"s":"I",  "c":"NETWORK",  "id":22943,   "ctx":"listener","msg":"Connection accepted","attr":{"remote":"127.0.0.1:51217","uuid":"ea892fa6-b536-4fc7-bb56-12f4a911c594","connectionId":29,"connectionCount":10}}
{"t":{"$date":"2023-03-20T00:45:34.004+00:00"},"s":"I",  "c":"NETWORK",  "id":51800,   "ctx":"conn29","msg":"client metadata","attr":{"remote":"127.0.0.1:51217","client":"conn29","doc":{"driver":{"name":"NetworkInterfaceTL-ReplicaSetMonitor-TaskExecutor","version":"6.0.4"},"os":{"type":"Windows","name":"Microsoft Windows 10","architecture":"x86_64","version":"10.0 (build 22621)"}}}}
{"t":{"$date":"2023-03-20T00:49:02.848+00:00"},"s":"I",  "c":"NETWORK",  "id":22943,   "ctx":"listener","msg":"Connection accepted","attr":{"remote":"127.0.0.1:51303","uuid":"f4852c89-53b3-4d3e-8c06-4229722b4743","connectionId":31,"connectionCount":11}}
{"t":{"$date":"2023-03-20T00:49:02.868+00:00"},"s":"I",  "c":"NETWORK",  "id":51800,   "ctx":"conn31","msg":"client metadata","attr":{"remote":"127.0.0.1:51303","client":"conn31","doc":{"driver":{"name":"mongo-java-driver|legacy","version":"3.12.12"},"os":{"type":"Windows","name":"Windows 10","architecture":"amd64","version":"10.0"},"platform":"Java/Oracle Corporation/1.8.0_291-b10"}}}
{"t":{"$date":"2023-03-20T00:49:11.990+00:00"},"s":"I",  "c":"NETWORK",  "id":22944,   "ctx":"conn31","msg":"Connection ended","attr":{"remote":"127.0.0.1:51303","uuid":"f4852c89-53b3-4d3e-8c06-4229722b4743","connectionId":31,"connectionCount":10}}
{"t":{"$date":"2023-03-20T00:49:43.235+00:00"},"s":"I",  "c":"NETWORK",  "id":22943,   "ctx":"listener","msg":"Connection accepted","attr":{"remote":"127.0.0.1:51329","uuid":"2c50cf84-2d51-4d77-84dc-7cca035e2409","connectionId":32,"connectionCount":11}}
{"t":{"$date":"2023-03-20T00:49:43.245+00:00"},"s":"I",  "c":"NETWORK",  "id":51800,   "ctx":"conn32","msg":"client metadata","attr":{"remote":"127.0.0.1:51329","client":"conn32","doc":{"driver":{"name":"nodejs","version":"4.13.0"},"os":{"type":"Windows_NT","name":"win32","architecture":"x64","version":"10.0.22621"},"platform":"Node.js v16.14.2, LE (unified)|Node.js v16.14.2, LE (unified)","application":{"name":"mongodb-vscode 0.10.0"}}}}
{"t":{"$date":"2023-03-20T00:49:43.692+00:00"},"s":"I",  "c":"NETWORK",  "id":22944,   "ctx":"conn32","msg":"Connection ended","attr":{"remote":"127.0.0.1:51329","uuid":"2c50cf84-2d51-4d77-84dc-7cca035e2409","connectionId":32,"connectionCount":10}}
{"t":{"$date":"2023-03-20T00:50:00.567+00:00"},"s":"I",  "c":"NETWORK",  "id":22943,   "ctx":"listener","msg":"Connection accepted","attr":{"remote":"127.0.0.1:51350","uuid":"2554d90f-6c0c-4ea8-9fec-9df18f0bfd6f","connectionId":33,"connectionCount":11}}
{"t":{"$date":"2023-03-20T00:50:00.584+00:00"},"s":"I",  "c":"NETWORK",  "id":51800,   "ctx":"conn33","msg":"client metadata","attr":{"remote":"127.0.0.1:51350","client":"conn33","doc":{"driver":{"name":"mongo-java-driver|legacy","version":"3.12.12"},"os":{"type":"Windows","name":"Windows 10","architecture":"amd64","version":"10.0"},"platform":"Java/Oracle Corporation/1.8.0_291-b10"}}}
{"t":{"$date":"2023-03-20T00:50:11.257+00:00"},"s":"I",  "c":"NETWORK",  "id":22944,   "ctx":"conn33","msg":"Connection ended","attr":{"remote":"127.0.0.1:51350","uuid":"2554d90f-6c0c-4ea8-9fec-9df18f0bfd6f","connectionId":33,"connectionCount":10}}
{"t":{"$date":"2023-03-20T00:50:57.980+00:00"},"s":"I",  "c":"NETWORK",  "id":22943,   "ctx":"listener","msg":"Connection accepted","attr":{"remote":"127.0.0.1:51378","uuid":"805ba7fc-0a98-4f56-8db3-b66dc233bd2f","connectionId":34,"connectionCount":11}}
{"t":{"$date":"2023-03-20T00:50:57.999+00:00"},"s":"I",  "c":"NETWORK",  "id":51800,   "ctx":"conn34","msg":"client metadata","attr":{"remote":"127.0.0.1:51378","client":"conn34","doc":{"driver":{"name":"mongo-java-driver|legacy","version":"3.12.12"},"os":{"type":"Windows","name":"Windows 10","architecture":"amd64","version":"10.0"},"platform":"Java/Oracle Corporation/1.8.0_291-b10"}}}
{"t":{"$date":"2023-03-20T00:51:22.499+00:00"},"s":"I",  "c":"NETWORK",  "id":22944,   "ctx":"conn34","msg":"Connection ended","attr":{"remote":"127.0.0.1:51378","uuid":"805ba7fc-0a98-4f56-8db3-b66dc233bd2f","connectionId":34,"connectionCount":10}}
{"t":{"$date":"2023-03-20T00:53:09.261+00:00"},"s":"I",  "c":"NETWORK",  "id":22943,   "ctx":"listener","msg":"Connection accepted","attr":{"remote":"127.0.0.1:51435","uuid":"d6b8a54a-c99b-4ed8-a394-6c6dc97826e9","connectionId":35,"connectionCount":11}}
{"t":{"$date":"2023-03-20T00:53:09.278+00:00"},"s":"I",  "c":"NETWORK",  "id":51800,   "ctx":"conn35","msg":"client metadata","attr":{"remote":"127.0.0.1:51435","client":"conn35","doc":{"driver":{"name":"mongo-java-driver|legacy","version":"3.12.12"},"os":{"type":"Windows","name":"Windows 10","architecture":"amd64","version":"10.0"},"platform":"Java/Oracle Corporation/1.8.0_291-b10"}}}
{"t":{"$date":"2023-03-20T00:53:11.561+00:00"},"s":"I",  "c":"NETWORK",  "id":22944,   "ctx":"conn35","msg":"Connection ended","attr":{"remote":"127.0.0.1:51435","uuid":"d6b8a54a-c99b-4ed8-a394-6c6dc97826e9","connectionId":35,"connectionCount":10}}
{"t":{"$date":"2023-03-20T00:53:29.212+00:00"},"s":"I",  "c":"NETWORK",  "id":22943,   "ctx":"listener","msg":"Connection accepted","attr":{"remote":"127.0.0.1:51444","uuid":"fe548deb-29d4-4bb7-b49c-31d1048cdf14","connectionId":36,"connectionCount":11}}
{"t":{"$date":"2023-03-20T00:53:29.221+00:00"},"s":"I",  "c":"NETWORK",  "id":51800,   "ctx":"conn36","msg":"client metadata","attr":{"remote":"127.0.0.1:51444","client":"conn36","doc":{"driver":{"name":"nodejs","version":"4.13.0"},"os":{"type":"Windows_NT","name":"win32","architecture":"x64","version":"10.0.22621"},"platform":"Node.js v16.14.2, LE (unified)|Node.js v16.14.2, LE (unified)","application":{"name":"mongodb-vscode 0.10.0"}}}}
{"t":{"$date":"2023-03-20T00:53:29.605+00:00"},"s":"I",  "c":"NETWORK",  "id":22944,   "ctx":"conn36","msg":"Connection ended","attr":{"remote":"127.0.0.1:51444","uuid":"fe548deb-29d4-4bb7-b49c-31d1048cdf14","connectionId":36,"connectionCount":10}}
{"t":{"$date":"2023-03-20T00:55:46.627+00:00"},"s":"I",  "c":"NETWORK",  "id":22943,   "ctx":"listener","msg":"Connection accepted","attr":{"remote":"127.0.0.1:51506","uuid":"95b872bb-8020-4a96-a389-2c278cb8d763","connectionId":37,"connectionCount":11}}
{"t":{"$date":"2023-03-20T00:55:46.643+00:00"},"s":"I",  "c":"NETWORK",  "id":51800,   "ctx":"conn37","msg":"client metadata","attr":{"remote":"127.0.0.1:51506","client":"conn37","doc":{"driver":{"name":"mongo-java-driver|legacy","version":"3.12.12"},"os":{"type":"Windows","name":"Windows 10","architecture":"amd64","version":"10.0"},"platform":"Java/Oracle Corporation/1.8.0_291-b10"}}}
{"t":{"$date":"2023-03-20T00:56:01.862+00:00"},"s":"I",  "c":"NETWORK",  "id":22944,   "ctx":"conn37","msg":"Connection ended","attr":{"remote":"127.0.0.1:51506","uuid":"95b872bb-8020-4a96-a389-2c278cb8d763","connectionId":37,"connectionCount":10}}
{"t":{"$date":"2023-03-20T00:58:09.433+00:00"},"s":"I",  "c":"NETWORK",  "id":22944,   "ctx":"conn11","msg":"Connection ended","attr":{"remote":"127.0.0.1:51050","uuid":"3e254adc-6124-4571-ba7e-3a35fed11869","connectionId":11,"connectionCount":9}}
{"t":{"$date":"2023-03-20T01:21:43.576+00:00"},"s":"I",  "c":"CONTROL",  "id":23373,   "ctx":"thread177","msg":"CTRL_CLOSE_EVENT signal"}
{"t":{"$date":"2023-03-20T01:21:43.576+00:00"},"s":"I",  "c":"CONTROL",  "id":23371,   "ctx":"consoleTerminate","msg":"Received event, will terminate after current command ends","attr":{"controlCode":"CTRL_CLOSE_EVENT"}}
{"t":{"$date":"2023-03-20T01:21:43.577+00:00"},"s":"I",  "c":"REPL",     "id":4784900, "ctx":"consoleTerminate","msg":"Stepping down the ReplicationCoordinator for shutdown","attr":{"waitTimeMillis":15000}}
{"t":{"$date":"2023-03-20T01:21:43.578+00:00"},"s":"I",  "c":"NETWORK",  "id":4333213, "ctx":"ReplicaSetMonitor-TaskExecutor","msg":"RSM Topology Change","attr":{"replicaSet":"Sensores","newTopologyDescription":{"id":"a487a278-3067-4dda-839a-4ce6e9f321e4","topologyType":"ReplicaSetNoPrimary","servers":{"localhost:23015":{"address":"localhost:23015","topologyVersion":{"processId":{"$oid":"6417ab7ee423646be1dcb1fb"},"counter":4},"roundTripTime":672,"lastWriteDate":{"$date":"2023-03-20T01:21:26.000Z"},"opTime":{"ts":{"$timestamp":{"t":1679275286,"i":1}},"t":46},"type":"RSSecondary","minWireVersion":17,"maxWireVersion":17,"me":"localhost:23015","setName":"Sensores","setVersion":5,"primary":"localhost:25015","lastUpdateTime":{"$date":"2023-03-20T01:21:35.935Z"},"logicalSessionTimeoutMinutes":30,"hosts":{"0":"localhost:23015","1":"localhost:25015","2":"localhost:27015"},"arbiters":{},"passives":{}},"localhost:25015":{"address":"localhost:25015","topologyVersion":{"processId":{"$oid":"6417ab79fe5c2a64ca76d07f"},"counter":7},"roundTripTime":731,"lastWriteDate":{"$date":"2023-03-20T01:21:36.000Z"},"opTime":{"ts":{"$timestamp":{"t":1679275296,"i":1}},"t":46},"type":"RSOther","minWireVersion":17,"maxWireVersion":17,"me":"localhost:25015","setName":"Sensores","setVersion":5,"electionId":{"$oid":"7fffffff000000000000002e"},"primary":"localhost:25015","lastUpdateTime":{"$date":"2023-03-20T01:21:43.577Z"},"logicalSessionTimeoutMinutes":30,"hosts":{"0":"localhost:23015","1":"localhost:25015","2":"localhost:27015"},"arbiters":{},"passives":{}},"localhost:27015":{"address":"localhost:27015","topologyVersion":{"processId":{"$oid":"6417ab791a9ec9255fbe2ecf"},"counter":4},"roundTripTime":781,"lastWriteDate":{"$date":"2023-03-20T01:21:26.000Z"},"opTime":{"ts":{"$timestamp":{"t":1679275286,"i":1}},"t":46},"type":"RSSecondary","minWireVersion":17,"maxWireVersion":17,"me":"localhost:27015","setName":"Sensores","setVersion":5,"primary":"localhost:25015","lastUpdateTime":{"$date":"2023-03-20T01:21:35.983Z"},"logicalSessionTimeoutMinutes":30,"hosts":{"0":"localhost:23015","1":"localhost:25015","2":"localhost:27015"},"arbiters":{},"passives":{}}},"logicalSessionTimeoutMinutes":30,"setName":"Sensores","compatible":true,"maxElectionIdSetVersion":{"electionId":{"$oid":"7fffffff000000000000002e"},"setVersion":5}},"previousTopologyDescription":{"id":"8e0c8ae0-b6f7-4b9d-bda5-d4cb1dec56e2","topologyType":"ReplicaSetWithPrimary","servers":{"localhost:23015":{"address":"localhost:23015","topologyVersion":{"processId":{"$oid":"6417ab7ee423646be1dcb1fb"},"counter":4},"roundTripTime":672,"lastWriteDate":{"$date":"2023-03-20T01:21:26.000Z"},"opTime":{"ts":{"$timestamp":{"t":1679275286,"i":1}},"t":46},"type":"RSSecondary","minWireVersion":17,"maxWireVersion":17,"me":"localhost:23015","setName":"Sensores","setVersion":5,"primary":"localhost:25015","lastUpdateTime":{"$date":"2023-03-20T01:21:35.935Z"},"logicalSessionTimeoutMinutes":30,"hosts":{"0":"localhost:23015","1":"localhost:25015","2":"localhost:27015"},"arbiters":{},"passives":{}},"localhost:25015":{"address":"localhost:25015","topologyVersion":{"processId":{"$oid":"6417ab79fe5c2a64ca76d07f"},"counter":6},"roundTripTime":731,"lastWriteDate":{"$date":"2023-03-20T01:21:26.000Z"},"opTime":{"ts":{"$timestamp":{"t":1679275286,"i":1}},"t":46},"type":"RSPrimary","minWireVersion":17,"maxWireVersion":17,"me":"localhost:25015","setName":"Sensores","setVersion":5,"electionId":{"$oid":"7fffffff000000000000002e"},"primary":"localhost:25015","lastUpdateTime":{"$date":"2023-03-20T01:21:35.935Z"},"logicalSessionTimeoutMinutes":30,"hosts":{"0":"localhost:23015","1":"localhost:25015","2":"localhost:27015"},"arbiters":{},"passives":{}},"localhost:27015":{"address":"localhost:27015","topologyVersion":{"processId":{"$oid":"6417ab791a9ec9255fbe2ecf"},"counter":4},"roundTripTime":781,"lastWriteDate":{"$date":"2023-03-20T01:21:26.000Z"},"opTime":{"ts":{"$timestamp":{"t":1679275286,"i":1}},"t":46},"type":"RSSecondary","minWireVersion":17,"maxWireVersion":17,"me":"localhost:27015","setName":"Sensores","setVersion":5,"primary":"localhost:25015","lastUpdateTime":{"$date":"2023-03-20T01:21:35.983Z"},"logicalSessionTimeoutMinutes":30,"hosts":{"0":"localhost:23015","1":"localhost:25015","2":"localhost:27015"},"arbiters":{},"passives":{}}},"logicalSessionTimeoutMinutes":30,"setName":"Sensores","compatible":true,"maxElectionIdSetVersion":{"electionId":{"$oid":"7fffffff000000000000002e"},"setVersion":5}}}}
{"t":{"$date":"2023-03-20T01:21:43.580+00:00"},"s":"I",  "c":"REPL",     "id":4794602, "ctx":"consoleTerminate","msg":"Attempting to enter quiesce mode"}
{"t":{"$date":"2023-03-20T01:21:43.580+00:00"},"s":"I",  "c":"NETWORK",  "id":6006301, "ctx":"ReplicaSetMonitor-TaskExecutor","msg":"Replica set primary server change detected","attr":{"replicaSet":"Sensores","topologyType":"ReplicaSetNoPrimary","primary":"Unknown","durationMillis":2169593}}
{"t":{"$date":"2023-03-20T01:21:43.581+00:00"},"s":"I",  "c":"REPL",     "id":4695102, "ctx":"consoleTerminate","msg":"Entering quiesce mode for shutdown","attr":{"quiesceTimeMillis":14997}}
{"t":{"$date":"2023-03-20T01:21:43.582+00:00"},"s":"I",  "c":"NETWORK",  "id":4333213, "ctx":"ReplicaSetMonitor-TaskExecutor","msg":"RSM Topology Change","attr":{"replicaSet":"Sensores","newTopologyDescription":{"id":"8a1a5205-ea2e-44a7-a4eb-dbc461e75700","topologyType":"ReplicaSetNoPrimary","servers":{"localhost:23015":{"address":"localhost:23015","topologyVersion":{"processId":{"$oid":"6417ab7ee423646be1dcb1fb"},"counter":4},"roundTripTime":672,"lastWriteDate":{"$date":"2023-03-20T01:21:26.000Z"},"opTime":{"ts":{"$timestamp":{"t":1679275286,"i":1}},"t":46},"type":"RSSecondary","minWireVersion":17,"maxWireVersion":17,"me":"localhost:23015","setName":"Sensores","setVersion":5,"primary":"localhost:25015","lastUpdateTime":{"$date":"2023-03-20T01:21:35.935Z"},"logicalSessionTimeoutMinutes":30,"hosts":{"0":"localhost:23015","1":"localhost:25015","2":"localhost:27015"},"arbiters":{},"passives":{}},"localhost:25015":{"address":"localhost:25015","topologyVersion":{"processId":{"$oid":"6417ab79fe5c2a64ca76d07f"},"counter":8},"roundTripTime":731,"lastWriteDate":{"$date":"2023-03-20T01:21:36.000Z"},"opTime":{"ts":{"$timestamp":{"t":1679275296,"i":1}},"t":46},"type":"RSSecondary","minWireVersion":17,"maxWireVersion":17,"me":"localhost:25015","setName":"Sensores","setVersion":5,"lastUpdateTime":{"$date":"2023-03-20T01:21:43.582Z"},"logicalSessionTimeoutMinutes":30,"hosts":{"0":"localhost:23015","1":"localhost:25015","2":"localhost:27015"},"arbiters":{},"passives":{}},"localhost:27015":{"address":"localhost:27015","topologyVersion":{"processId":{"$oid":"6417ab791a9ec9255fbe2ecf"},"counter":4},"roundTripTime":781,"lastWriteDate":{"$date":"2023-03-20T01:21:26.000Z"},"opTime":{"ts":{"$timestamp":{"t":1679275286,"i":1}},"t":46},"type":"RSSecondary","minWireVersion":17,"maxWireVersion":17,"me":"localhost:27015","setName":"Sensores","setVersion":5,"primary":"localhost:25015","lastUpdateTime":{"$date":"2023-03-20T01:21:35.983Z"},"logicalSessionTimeoutMinutes":30,"hosts":{"0":"localhost:23015","1":"localhost:25015","2":"localhost:27015"},"arbiters":{},"passives":{}}},"logicalSessionTimeoutMinutes":30,"setName":"Sensores","compatible":true,"maxElectionIdSetVersion":{"electionId":{"$oid":"7fffffff000000000000002e"},"setVersion":5}},"previousTopologyDescription":{"id":"a487a278-3067-4dda-839a-4ce6e9f321e4","topologyType":"ReplicaSetNoPrimary","servers":{"localhost:23015":{"address":"localhost:23015","topologyVersion":{"processId":{"$oid":"6417ab7ee423646be1dcb1fb"},"counter":4},"roundTripTime":672,"lastWriteDate":{"$date":"2023-03-20T01:21:26.000Z"},"opTime":{"ts":{"$timestamp":{"t":1679275286,"i":1}},"t":46},"type":"RSSecondary","minWireVersion":17,"maxWireVersion":17,"me":"localhost:23015","setName":"Sensores","setVersion":5,"primary":"localhost:25015","lastUpdateTime":{"$date":"2023-03-20T01:21:35.935Z"},"logicalSessionTimeoutMinutes":30,"hosts":{"0":"localhost:23015","1":"localhost:25015","2":"localhost:27015"},"arbiters":{},"passives":{}},"localhost:25015":{"address":"localhost:25015","topologyVersion":{"processId":{"$oid":"6417ab79fe5c2a64ca76d07f"},"counter":7},"roundTripTime":731,"lastWriteDate":{"$date":"2023-03-20T01:21:36.000Z"},"opTime":{"ts":{"$timestamp":{"t":1679275296,"i":1}},"t":46},"type":"RSOther","minWireVersion":17,"maxWireVersion":17,"me":"localhost:25015","setName":"Sensores","setVersion":5,"electionId":{"$oid":"7fffffff000000000000002e"},"primary":"localhost:25015","lastUpdateTime":{"$date":"2023-03-20T01:21:43.577Z"},"logicalSessionTimeoutMinutes":30,"hosts":{"0":"localhost:23015","1":"localhost:25015","2":"localhost:27015"},"arbiters":{},"passives":{}},"localhost:27015":{"address":"localhost:27015","topologyVersion":{"processId":{"$oid":"6417ab791a9ec9255fbe2ecf"},"counter":4},"roundTripTime":781,"lastWriteDate":{"$date":"2023-03-20T01:21:26.000Z"},"opTime":{"ts":{"$timestamp":{"t":1679275286,"i":1}},"t":46},"type":"RSSecondary","minWireVersion":17,"maxWireVersion":17,"me":"localhost:27015","setName":"Sensores","setVersion":5,"primary":"localhost:25015","lastUpdateTime":{"$date":"2023-03-20T01:21:35.983Z"},"logicalSessionTimeoutMinutes":30,"hosts":{"0":"localhost:23015","1":"localhost:25015","2":"localhost:27015"},"arbiters":{},"passives":{}}},"logicalSessionTimeoutMinutes":30,"setName":"Sensores","compatible":true,"maxElectionIdSetVersion":{"electionId":{"$oid":"7fffffff000000000000002e"},"setVersion":5}}}}
{"t":{"$date":"2023-03-20T01:21:43.584+00:00"},"s":"I",  "c":"-",        "id":4333222, "ctx":"ReplicaSetMonitor-TaskExecutor","msg":"RSM received error response","attr":{"host":"localhost:27015","error":"ShutdownInProgress{ remainingQuiesceTimeMillis: 14997 }: The server is in quiesce mode and will shut down","replicaSet":"Sensores","response":{}}}
{"t":{"$date":"2023-03-20T01:21:43.584+00:00"},"s":"I",  "c":"NETWORK",  "id":4712102, "ctx":"ReplicaSetMonitor-TaskExecutor","msg":"Host failed in replica set","attr":{"replicaSet":"Sensores","host":"localhost:27015","error":{"code":91,"codeName":"ShutdownInProgress","errmsg":"The server is in quiesce mode and will shut down","remainingQuiesceTimeMillis":14997},"action":{"dropConnections":false,"requestImmediateCheck":false}}}
{"t":{"$date":"2023-03-20T01:21:43.584+00:00"},"s":"I",  "c":"-",        "id":4333222, "ctx":"ReplicaSetMonitor-TaskExecutor","msg":"RSM received error response","attr":{"host":"localhost:27015","error":"ShutdownInProgress{ remainingQuiesceTimeMillis: 14997 }: The server is in quiesce mode and will shut down","replicaSet":"Sensores","response":{}}}
{"t":{"$date":"2023-03-20T01:21:43.584+00:00"},"s":"I",  "c":"NETWORK",  "id":4712102, "ctx":"ReplicaSetMonitor-TaskExecutor","msg":"Host failed in replica set","attr":{"replicaSet":"Sensores","host":"localhost:27015","error":{"code":91,"codeName":"ShutdownInProgress","errmsg":"The server is in quiesce mode and will shut down","remainingQuiesceTimeMillis":14997},"action":{"dropConnections":false,"requestImmediateCheck":false}}}
{"t":{"$date":"2023-03-20T01:21:43.584+00:00"},"s":"I",  "c":"-",        "id":4333222, "ctx":"ReplicaSetMonitor-TaskExecutor","msg":"RSM received error response","attr":{"host":"localhost:23015","error":"ShutdownInProgress{ remainingQuiesceTimeMillis: 14997 }: The server is in quiesce mode and will shut down","replicaSet":"Sensores","response":{}}}
{"t":{"$date":"2023-03-20T01:21:43.585+00:00"},"s":"I",  "c":"NETWORK",  "id":4712102, "ctx":"ReplicaSetMonitor-TaskExecutor","msg":"Host failed in replica set","attr":{"replicaSet":"Sensores","host":"localhost:23015","error":{"code":91,"codeName":"ShutdownInProgress","errmsg":"The server is in quiesce mode and will shut down","remainingQuiesceTimeMillis":14997},"action":{"dropConnections":false,"requestImmediateCheck":false}}}
{"t":{"$date":"2023-03-20T01:21:43.585+00:00"},"s":"I",  "c":"REPL",     "id":40447,   "ctx":"TopologyVersionObserver","msg":"Stopped TopologyVersionObserver"}
{"t":{"$date":"2023-03-20T01:21:43.585+00:00"},"s":"I",  "c":"COMMAND",  "id":21581,   "ctx":"conn8","msg":"Received replSetStepUp request"}
{"t":{"$date":"2023-03-20T01:21:43.585+00:00"},"s":"I",  "c":"ELECTION", "id":4615661, "ctx":"conn8","msg":"Starting an election due to step up request"}
{"t":{"$date":"2023-03-20T01:21:43.585+00:00"},"s":"I",  "c":"ELECTION", "id":21437,   "ctx":"conn8","msg":"Skipping dry run and running for election","attr":{"newTerm":47}}
{"t":{"$date":"2023-03-20T01:21:43.585+00:00"},"s":"I",  "c":"REPL",     "id":6015303, "ctx":"conn8","msg":"Waiting for in-progress election to complete before finishing stepup"}
{"t":{"$date":"2023-03-20T01:21:43.586+00:00"},"s":"I",  "c":"ELECTION", "id":6015300, "ctx":"ReplCoord-21","msg":"Storing last vote document in local storage for my election","attr":{"lastVote":{"term":47,"candidateIndex":0}}}
{"t":{"$date":"2023-03-20T01:21:43.586+00:00"},"s":"I",  "c":"-",        "id":4333222, "ctx":"ReplicaSetMonitor-TaskExecutor","msg":"RSM received error response","attr":{"host":"localhost:25015","error":"ShutdownInProgress{ remainingQuiesceTimeMillis: 14992 }: The server is in quiesce mode and will shut down","replicaSet":"Sensores","response":{}}}
{"t":{"$date":"2023-03-20T01:21:43.586+00:00"},"s":"I",  "c":"NETWORK",  "id":4712102, "ctx":"ReplicaSetMonitor-TaskExecutor","msg":"Host failed in replica set","attr":{"replicaSet":"Sensores","host":"localhost:25015","error":{"code":91,"codeName":"ShutdownInProgress","errmsg":"The server is in quiesce mode and will shut down","remainingQuiesceTimeMillis":14992},"action":{"dropConnections":false,"requestImmediateCheck":false}}}
{"t":{"$date":"2023-03-20T01:21:43.588+00:00"},"s":"I",  "c":"REPL",     "id":21752,   "ctx":"ReplCoord-21","msg":"Scheduling remote command request","attr":{"context":"vote request","request":"RemoteCommand 4511 -- target:localhost:25015 db:admin cmd:{ replSetRequestVotes: 1, setName: \"Sensores\", dryRun: false, term: 47, candidateIndex: 0, configVersion: 5, configTerm: 46, lastAppliedOpTime: { ts: Timestamp(1679275296, 1), t: 46 } }"}}
{"t":{"$date":"2023-03-20T01:21:43.588+00:00"},"s":"I",  "c":"REPL",     "id":21752,   "ctx":"ReplCoord-21","msg":"Scheduling remote command request","attr":{"context":"vote request","request":"RemoteCommand 4512 -- target:localhost:23015 db:admin cmd:{ replSetRequestVotes: 1, setName: \"Sensores\", dryRun: false, term: 47, candidateIndex: 0, configVersion: 5, configTerm: 46, lastAppliedOpTime: { ts: Timestamp(1679275296, 1), t: 46 } }"}}
{"t":{"$date":"2023-03-20T01:21:43.589+00:00"},"s":"I",  "c":"ELECTION", "id":51799,   "ctx":"ReplCoord-21","msg":"VoteRequester processResponse","attr":{"term":47,"dryRun":false,"failReason":"received an invalid response","error":{"code":91,"codeName":"ShutdownInProgress","errmsg":"In the process of shutting down","remainingQuiesceTimeMillis":0},"from":"localhost:25015","message":{"topologyVersion":{"processId":{"$oid":"6417ab79fe5c2a64ca76d07f"},"counter":9},"ok":0,"errmsg":"In the process of shutting down","code":91,"codeName":"ShutdownInProgress","$clusterTime":{"clusterTime":{"$timestamp":{"t":1679275296,"i":1}},"signature":{"hash":{"$binary":{"base64":"AAAAAAAAAAAAAAAAAAAAAAAAAAA=","subType":"0"}},"keyId":0}},"operationTime":{"$timestamp":{"t":1679275296,"i":1}}}}}
{"t":{"$date":"2023-03-20T01:21:43.590+00:00"},"s":"I",  "c":"ELECTION", "id":51799,   "ctx":"ReplCoord-21","msg":"VoteRequester processResponse","attr":{"term":47,"dryRun":false,"failReason":"received an invalid response","error":{"code":91,"codeName":"ShutdownInProgress","errmsg":"In the process of shutting down","remainingQuiesceTimeMillis":0},"from":"localhost:23015","message":{"topologyVersion":{"processId":{"$oid":"6417ab7ee423646be1dcb1fb"},"counter":5},"ok":0,"errmsg":"In the process of shutting down","code":91,"codeName":"ShutdownInProgress","$clusterTime":{"clusterTime":{"$timestamp":{"t":1679275296,"i":1}},"signature":{"hash":{"$binary":{"base64":"AAAAAAAAAAAAAAAAAAAAAAAAAAA=","subType":"0"}},"keyId":0}},"operationTime":{"$timestamp":{"t":1679275296,"i":1}}}}}
{"t":{"$date":"2023-03-20T01:21:43.590+00:00"},"s":"I",  "c":"ELECTION", "id":21448,   "ctx":"ReplCoord-21","msg":"Not becoming primary, we received insufficient votes"}
{"t":{"$date":"2023-03-20T01:21:43.590+00:00"},"s":"I",  "c":"ELECTION", "id":21434,   "ctx":"ReplCoord-21","msg":"Lost election","attr":{"isDryRun":false}}
{"t":{"$date":"2023-03-20T01:21:43.590+00:00"},"s":"I",  "c":"COMMAND",  "id":21582,   "ctx":"conn8","msg":"replSetStepUp request failed","attr":{"error":" :: caused by :: CommandFailed: Election failed."}}
{"t":{"$date":"2023-03-20T01:21:43.598+00:00"},"s":"I",  "c":"NETWORK",  "id":22944,   "ctx":"conn12","msg":"Connection ended","attr":{"remote":"127.0.0.1:51053","uuid":"ca388137-7e3e-4a95-9a2c-e1c0bd214b82","connectionId":12,"connectionCount":8}}
{"t":{"$date":"2023-03-20T01:21:44.925+00:00"},"s":"I",  "c":"REPL",     "id":21215,   "ctx":"ReplCoord-22","msg":"Member is in new state","attr":{"hostAndPort":"localhost:25015","newState":"SECONDARY"}}
{"t":{"$date":"2023-03-20T01:21:46.775+00:00"},"s":"I",  "c":"REPL",     "id":21832,   "ctx":"ReplCoordExtern-0","msg":"Choosing new sync source. Our current sync source is not primary and does not have a sync source, so we require that it is ahead of us","attr":{"syncSource":"localhost:25015","lastOpTimeFetched":{"ts":{"$timestamp":{"t":1679275296,"i":1}},"t":46},"syncSourceLatestOplogOpTime":{"ts":{"$timestamp":{"t":1679275296,"i":1}},"t":46},"isPrimary":false}}
{"t":{"$date":"2023-03-20T01:21:46.776+00:00"},"s":"I",  "c":"REPL",     "id":21150,   "ctx":"ReplCoordExtern-0","msg":"Canceling oplog query due to OplogQueryMetadata. We have to choose a new sync source","attr":{"syncSource":"localhost:25015","lastAppliedOpTime":{"ts":{"$timestamp":{"t":1679275296,"i":1}},"t":46},"syncSourceIndex":-1}}
{"t":{"$date":"2023-03-20T01:21:46.778+00:00"},"s":"W",  "c":"REPL",     "id":21122,   "ctx":"BackgroundSync","msg":"Oplog fetcher stopped querying remote oplog with error","attr":{"error":"InvalidSyncSource: sync source localhost:25015 (config version: 5; last applied optime: { ts: Timestamp(1679275296, 1), t: 46 }; sync source index: -1; has primary index: 0) is no longer valid previous batch last fetched optime: { ts: Timestamp(1679275296, 1), t: 46 } current batch last fetched optime: { ts: Timestamp(1679275296, 1), t: 46 }"}}
{"t":{"$date":"2023-03-20T01:21:46.778+00:00"},"s":"I",  "c":"REPL",     "id":21080,   "ctx":"BackgroundSync","msg":"Clearing sync source to choose a new one","attr":{"syncSource":"localhost:25015"}}
{"t":{"$date":"2023-03-20T01:21:46.778+00:00"},"s":"I",  "c":"REPL",     "id":21798,   "ctx":"BackgroundSync","msg":"Could not find member to sync from"}
{"t":{"$date":"2023-03-20T01:21:46.792+00:00"},"s":"I",  "c":"REPL",     "id":21760,   "ctx":"SyncSourceFeedback","msg":"SyncSourceFeedback error sending update","attr":{"syncTarget":"localhost:25015","error":{"code":119,"codeName":"InvalidSyncSource","errmsg":"Sync source was cleared. Was localhost:25015"}}}
